{"F:\\Web_Project\\WanderWall\\wanderwall-vue\\src\\assets\\gallery\\001.png": {"path":"F:\\Web_Project\\WanderWall\\wanderwall-vue\\src\\assets\\gallery\\001.png","statementMap":{"0":{"start":{"line":1,"column":0},"end":{"line":1,"column":19}}},"fnMap":{},"branchMap":{},"s":{"0":1},"f":{},"b":{},"_coverageSchema":"1a1c01bbd47fc00a2c39e90264f33305004495a9","hash":"df27f3f1e872021377b03f7a7f3e44a6ae2ba863"}
,"F:\\Web_Project\\WanderWall\\wanderwall-vue\\src\\assets\\gallery\\002.png": {"path":"F:\\Web_Project\\WanderWall\\wanderwall-vue\\src\\assets\\gallery\\002.png","statementMap":{"0":{"start":{"line":1,"column":0},"end":{"line":1,"column":19}}},"fnMap":{},"branchMap":{},"s":{"0":1},"f":{},"b":{},"_coverageSchema":"1a1c01bbd47fc00a2c39e90264f33305004495a9","hash":"305d6069bb024fbb9dcddb8b76dd710c38615f17"}
,"F:\\Web_Project\\WanderWall\\wanderwall-vue\\src\\assets\\gallery\\003.png": {"path":"F:\\Web_Project\\WanderWall\\wanderwall-vue\\src\\assets\\gallery\\003.png","statementMap":{"0":{"start":{"line":1,"column":0},"end":{"line":1,"column":19}}},"fnMap":{},"branchMap":{},"s":{"0":1},"f":{},"b":{},"_coverageSchema":"1a1c01bbd47fc00a2c39e90264f33305004495a9","hash":"de2e057d5d4ec1cb26db61d1e53eb3d7d5239318"}
,"F:\\Web_Project\\WanderWall\\wanderwall-vue\\src\\assets\\gallery\\004.png": {"path":"F:\\Web_Project\\WanderWall\\wanderwall-vue\\src\\assets\\gallery\\004.png","statementMap":{"0":{"start":{"line":1,"column":0},"end":{"line":1,"column":19}}},"fnMap":{},"branchMap":{},"s":{"0":1},"f":{},"b":{},"_coverageSchema":"1a1c01bbd47fc00a2c39e90264f33305004495a9","hash":"ff0fd47f1764bf01f9ef0b566d1acd3312a619ef"}
,"F:\\Web_Project\\WanderWall\\wanderwall-vue\\src\\assets\\gallery\\005.png": {"path":"F:\\Web_Project\\WanderWall\\wanderwall-vue\\src\\assets\\gallery\\005.png","statementMap":{"0":{"start":{"line":1,"column":0},"end":{"line":1,"column":19}}},"fnMap":{},"branchMap":{},"s":{"0":1},"f":{},"b":{},"_coverageSchema":"1a1c01bbd47fc00a2c39e90264f33305004495a9","hash":"27a392788c46c19395140f7f059f5b9b9cabf90d"}
,"F:\\Web_Project\\WanderWall\\wanderwall-vue\\src\\assets\\gallery\\006.png": {"path":"F:\\Web_Project\\WanderWall\\wanderwall-vue\\src\\assets\\gallery\\006.png","statementMap":{"0":{"start":{"line":1,"column":0},"end":{"line":1,"column":19}}},"fnMap":{},"branchMap":{},"s":{"0":1},"f":{},"b":{},"_coverageSchema":"1a1c01bbd47fc00a2c39e90264f33305004495a9","hash":"80e061a533ae9d33163e79487e9c6a8c5a924e9c"}
,"F:\\Web_Project\\WanderWall\\wanderwall-vue\\src\\assets\\gallery\\007.png": {"path":"F:\\Web_Project\\WanderWall\\wanderwall-vue\\src\\assets\\gallery\\007.png","statementMap":{"0":{"start":{"line":1,"column":0},"end":{"line":1,"column":19}}},"fnMap":{},"branchMap":{},"s":{"0":1},"f":{},"b":{},"_coverageSchema":"1a1c01bbd47fc00a2c39e90264f33305004495a9","hash":"54a7550aa98051b168b4f81be37834f3de73cd95"}
,"F:\\Web_Project\\WanderWall\\wanderwall-vue\\src\\assets\\gallery\\008.png": {"path":"F:\\Web_Project\\WanderWall\\wanderwall-vue\\src\\assets\\gallery\\008.png","statementMap":{"0":{"start":{"line":1,"column":0},"end":{"line":1,"column":19}}},"fnMap":{},"branchMap":{},"s":{"0":1},"f":{},"b":{},"_coverageSchema":"1a1c01bbd47fc00a2c39e90264f33305004495a9","hash":"6ec619e7ef2e49be66098c56852bdeb9af4c917c"}
,"F:\\Web_Project\\WanderWall\\wanderwall-vue\\src\\assets\\gallery\\009.png": {"path":"F:\\Web_Project\\WanderWall\\wanderwall-vue\\src\\assets\\gallery\\009.png","statementMap":{"0":{"start":{"line":1,"column":0},"end":{"line":1,"column":19}}},"fnMap":{},"branchMap":{},"s":{"0":1},"f":{},"b":{},"_coverageSchema":"1a1c01bbd47fc00a2c39e90264f33305004495a9","hash":"cdd19b3c5cf40e8b7ad8b4965ea65748cfec9f92"}
,"F:\\Web_Project\\WanderWall\\wanderwall-vue\\src\\assets\\gallery\\010.png": {"path":"F:\\Web_Project\\WanderWall\\wanderwall-vue\\src\\assets\\gallery\\010.png","statementMap":{"0":{"start":{"line":1,"column":0},"end":{"line":1,"column":19}}},"fnMap":{},"branchMap":{},"s":{"0":1},"f":{},"b":{},"_coverageSchema":"1a1c01bbd47fc00a2c39e90264f33305004495a9","hash":"d22539e45828fabb928ebb6f8fae3c2557521973"}
,"F:\\Web_Project\\WanderWall\\wanderwall-vue\\src\\assets\\gallery\\011.png": {"path":"F:\\Web_Project\\WanderWall\\wanderwall-vue\\src\\assets\\gallery\\011.png","statementMap":{"0":{"start":{"line":1,"column":0},"end":{"line":1,"column":19}}},"fnMap":{},"branchMap":{},"s":{"0":1},"f":{},"b":{},"_coverageSchema":"1a1c01bbd47fc00a2c39e90264f33305004495a9","hash":"ba580f268f14e038c6af4659ac436a69c9b02269"}
,"F:\\Web_Project\\WanderWall\\wanderwall-vue\\src\\assets\\gallery\\012.png": {"path":"F:\\Web_Project\\WanderWall\\wanderwall-vue\\src\\assets\\gallery\\012.png","statementMap":{"0":{"start":{"line":1,"column":0},"end":{"line":1,"column":19}}},"fnMap":{},"branchMap":{},"s":{"0":1},"f":{},"b":{},"_coverageSchema":"1a1c01bbd47fc00a2c39e90264f33305004495a9","hash":"efc01fa5ada171c4d88c34908e793b299fe2b113"}
,"F:\\Web_Project\\WanderWall\\wanderwall-vue\\src\\assets\\gallery\\013.png": {"path":"F:\\Web_Project\\WanderWall\\wanderwall-vue\\src\\assets\\gallery\\013.png","statementMap":{"0":{"start":{"line":1,"column":0},"end":{"line":1,"column":19}}},"fnMap":{},"branchMap":{},"s":{"0":1},"f":{},"b":{},"_coverageSchema":"1a1c01bbd47fc00a2c39e90264f33305004495a9","hash":"c97fc6e06bc0abbd7ebc0eb3cb297c6c73e35644"}
,"F:\\Web_Project\\WanderWall\\wanderwall-vue\\src\\assets\\gallery\\014.png": {"path":"F:\\Web_Project\\WanderWall\\wanderwall-vue\\src\\assets\\gallery\\014.png","statementMap":{"0":{"start":{"line":1,"column":0},"end":{"line":1,"column":19}}},"fnMap":{},"branchMap":{},"s":{"0":1},"f":{},"b":{},"_coverageSchema":"1a1c01bbd47fc00a2c39e90264f33305004495a9","hash":"e6ed97464cba1910d3475fc09f3a5cd45f4a5acb"}
,"F:\\Web_Project\\WanderWall\\wanderwall-vue\\src\\assets\\gallery\\015.png": {"path":"F:\\Web_Project\\WanderWall\\wanderwall-vue\\src\\assets\\gallery\\015.png","statementMap":{"0":{"start":{"line":1,"column":0},"end":{"line":1,"column":19}}},"fnMap":{},"branchMap":{},"s":{"0":1},"f":{},"b":{},"_coverageSchema":"1a1c01bbd47fc00a2c39e90264f33305004495a9","hash":"5490d8e3a886cb253e506e3299852ce134b79d20"}
,"F:\\Web_Project\\WanderWall\\wanderwall-vue\\src\\assets\\gallery\\016.png": {"path":"F:\\Web_Project\\WanderWall\\wanderwall-vue\\src\\assets\\gallery\\016.png","statementMap":{"0":{"start":{"line":1,"column":0},"end":{"line":1,"column":19}}},"fnMap":{},"branchMap":{},"s":{"0":1},"f":{},"b":{},"_coverageSchema":"1a1c01bbd47fc00a2c39e90264f33305004495a9","hash":"178b8edd71e96a73c4edf621902176135a84bc42"}
,"F:\\Web_Project\\WanderWall\\wanderwall-vue\\src\\assets\\gallery\\017.png": {"path":"F:\\Web_Project\\WanderWall\\wanderwall-vue\\src\\assets\\gallery\\017.png","statementMap":{"0":{"start":{"line":1,"column":0},"end":{"line":1,"column":19}}},"fnMap":{},"branchMap":{},"s":{"0":1},"f":{},"b":{},"_coverageSchema":"1a1c01bbd47fc00a2c39e90264f33305004495a9","hash":"99d13fcc4e5eec218abb2251913d4764bb7fa265"}
,"F:\\Web_Project\\WanderWall\\wanderwall-vue\\src\\assets\\gallery\\018.png": {"path":"F:\\Web_Project\\WanderWall\\wanderwall-vue\\src\\assets\\gallery\\018.png","statementMap":{"0":{"start":{"line":1,"column":0},"end":{"line":1,"column":19}}},"fnMap":{},"branchMap":{},"s":{"0":1},"f":{},"b":{},"_coverageSchema":"1a1c01bbd47fc00a2c39e90264f33305004495a9","hash":"20aeba9455e44e65a9119e26cd15d5b2fcb95f19"}
,"F:\\Web_Project\\WanderWall\\wanderwall-vue\\src\\assets\\gallery\\019.png": {"path":"F:\\Web_Project\\WanderWall\\wanderwall-vue\\src\\assets\\gallery\\019.png","statementMap":{"0":{"start":{"line":1,"column":0},"end":{"line":1,"column":19}}},"fnMap":{},"branchMap":{},"s":{"0":1},"f":{},"b":{},"_coverageSchema":"1a1c01bbd47fc00a2c39e90264f33305004495a9","hash":"75f4ae74062f7e2dae5609a0a214709bf2cd3f87"}
,"F:\\Web_Project\\WanderWall\\wanderwall-vue\\src\\assets\\gallery\\020.png": {"path":"F:\\Web_Project\\WanderWall\\wanderwall-vue\\src\\assets\\gallery\\020.png","statementMap":{"0":{"start":{"line":1,"column":0},"end":{"line":1,"column":19}}},"fnMap":{},"branchMap":{},"s":{"0":1},"f":{},"b":{},"_coverageSchema":"1a1c01bbd47fc00a2c39e90264f33305004495a9","hash":"f6ba59df73149c5c6336b8433ea41fa61e35d402"}
,"F:\\Web_Project\\WanderWall\\wanderwall-vue\\src\\assets\\images\\cover1.png": {"path":"F:\\Web_Project\\WanderWall\\wanderwall-vue\\src\\assets\\images\\cover1.png","statementMap":{"0":{"start":{"line":1,"column":0},"end":{"line":1,"column":19}}},"fnMap":{},"branchMap":{},"s":{"0":1},"f":{},"b":{},"_coverageSchema":"1a1c01bbd47fc00a2c39e90264f33305004495a9","hash":"30d102b070513e4667b37195cc7baddaef1f7e85"}
,"F:\\Web_Project\\WanderWall\\wanderwall-vue\\src\\assets\\images\\cover2.png": {"path":"F:\\Web_Project\\WanderWall\\wanderwall-vue\\src\\assets\\images\\cover2.png","statementMap":{"0":{"start":{"line":1,"column":0},"end":{"line":1,"column":19}}},"fnMap":{},"branchMap":{},"s":{"0":1},"f":{},"b":{},"_coverageSchema":"1a1c01bbd47fc00a2c39e90264f33305004495a9","hash":"d124804f9cef354600b8af88c24f6d6b44847b25"}
,"F:\\Web_Project\\WanderWall\\wanderwall-vue\\src\\assets\\images\\cover3.png": {"path":"F:\\Web_Project\\WanderWall\\wanderwall-vue\\src\\assets\\images\\cover3.png","statementMap":{"0":{"start":{"line":1,"column":0},"end":{"line":1,"column":19}}},"fnMap":{},"branchMap":{},"s":{"0":1},"f":{},"b":{},"_coverageSchema":"1a1c01bbd47fc00a2c39e90264f33305004495a9","hash":"bc6a1e65e5a473fb99d46669f9fa59732c74941d"}
,"F:\\Web_Project\\WanderWall\\wanderwall-vue\\src\\components\\Footer.vue": {"path":"F:\\Web_Project\\WanderWall\\wanderwall-vue\\src\\components\\Footer.vue","statementMap":{"0":{"start":{"line":4,"column":0},"end":{"line":6,"column":3}},"1":{"start":{"line":7,"column":0},"end":{"line":7,"column":25}},"2":{"start":{"line":8,"column":15},"end":{"line":10,"column":1}},"3":{"start":{"line":11,"column":0},"end":{"line":11,"column":13}},"4":{"start":{"line":13,"column":29},"end":{"line":13,"column":149}},"5":{"start":{"line":14,"column":0},"end":{"line":16,"column":3}},"6":{"start":{"line":17,"column":0},"end":{"line":17,"column":24}},"7":{"start":{"line":18,"column":11},"end":{"line":18,"column":25}},"8":{"start":{"line":19,"column":22},"end":{"line":19,"column":86}},"9":{"start":{"line":20,"column":32},"end":{"line":33,"column":24}},"10":{"start":{"line":34,"column":32},"end":{"line":39,"column":55}},"11":{"start":{"line":40,"column":32},"end":{"line":40,"column":107}},"12":{"start":{"line":41,"column":32},"end":{"line":41,"column":106}},"13":{"start":{"line":42,"column":32},"end":{"line":47,"column":140}},"14":{"start":{"line":49,"column":2},"end":{"line":49,"column":208}},"15":{"start":{"line":50,"column":2},"end":{"line":50,"column":49}}},"fnMap":{"0":{"name":"render","decl":{"start":{"line":48,"column":9},"end":{"line":48,"column":15}},"loc":{"start":{"line":48,"column":30},"end":{"line":50,"column":1}},"line":48}},"branchMap":{},"s":{"0":1,"1":1,"2":1,"3":1,"4":1,"5":1,"6":1,"7":1,"8":1,"9":1,"10":1,"11":1,"12":1,"13":1,"14":0,"15":1},"f":{"0":0},"b":{},"inputSourceMap":{"0":"{","1":"\"","2":"v","3":"e","4":"r","5":"s","6":"i","7":"o","8":"n","9":"\"","10":":","11":"3","12":",","13":"\"","14":"s","15":"o","16":"u","17":"r","18":"c","19":"e","20":"s","21":"\"","22":":","23":"[","24":"\"","25":"F","26":":","27":"\\","28":"\\","29":"W","30":"e","31":"b","32":"_","33":"P","34":"r","35":"o","36":"j","37":"e","38":"c","39":"t","40":"\\","41":"\\","42":"W","43":"a","44":"n","45":"d","46":"e","47":"r","48":"W","49":"a","50":"l","51":"l","52":"\\","53":"\\","54":"w","55":"a","56":"n","57":"d","58":"e","59":"r","60":"w","61":"a","62":"l","63":"l","64":"-","65":"v","66":"u","67":"e","68":"\\","69":"\\","70":"s","71":"r","72":"c","73":"\\","74":"\\","75":"c","76":"o","77":"m","78":"p","79":"o","80":"n","81":"e","82":"n","83":"t","84":"s","85":"\\","86":"\\","87":"F","88":"o","89":"o","90":"t","91":"e","92":"r","93":".","94":"v","95":"u","96":"e","97":"\"","98":"]","99":",","100":"\"","101":"n","102":"a","103":"m","104":"e","105":"s","106":"\"","107":":","108":"[","109":"]","110":",","111":"\"","112":"m","113":"a","114":"p","115":"p","116":"i","117":"n","118":"g","119":"s","120":"\"","121":":","122":"\"","123":";","124":";","125":";","126":";","127":";","128":";","129":";","130":"i","131":"C","132":"A","133":"e","134":"e","135":";","136":"E","137":"A","138":"C","139":"b","140":",","141":"I","142":"A","143":"A","144":"I","145":",","146":"E","147":"A","148":"A","149":"E","150":";","151":"A","152":"A","153":"C","154":"R","155":",","156":"C","157":"A","158":"A","159":"C","160":"\"","161":",","162":"\"","163":"f","164":"i","165":"l","166":"e","167":"\"","168":":","169":"\"","170":"F","171":":","172":"\\","173":"\\","174":"W","175":"e","176":"b","177":"_","178":"P","179":"r","180":"o","181":"j","182":"e","183":"c","184":"t","185":"\\","186":"\\","187":"W","188":"a","189":"n","190":"d","191":"e","192":"r","193":"W","194":"a","195":"l","196":"l","197":"\\","198":"\\","199":"w","200":"a","201":"n","202":"d","203":"e","204":"r","205":"w","206":"a","207":"l","208":"l","209":"-","210":"v","211":"u","212":"e","213":"\\","214":"\\","215":"s","216":"r","217":"c","218":"\\","219":"\\","220":"c","221":"o","222":"m","223":"p","224":"o","225":"n","226":"e","227":"n","228":"t","229":"s","230":"\\","231":"\\","232":"F","233":"o","234":"o","235":"t","236":"e","237":"r","238":".","239":"v","240":"u","241":"e","242":"\"","243":",","244":"\"","245":"s","246":"o","247":"u","248":"r","249":"c","250":"e","251":"s","252":"C","253":"o","254":"n","255":"t","256":"e","257":"n","258":"t","259":"\"","260":":","261":"[","262":"\"","263":"<","264":"t","265":"e","266":"m","267":"p","268":"l","269":"a","270":"t","271":"e","272":">","273":"\\","274":"r","275":"\\","276":"n","277":" ","278":" ","279":"<","280":"f","281":"o","282":"o","283":"t","284":"e","285":"r","286":">","287":"\\","288":"r","289":"\\","290":"n","291":" ","292":" ","293":" ","294":" ","295":"<","296":"d","297":"i","298":"v","299":" ","300":"i","301":"d","302":"=","303":"\\","304":"\"","305":"l","306":"o","307":"g","308":"o","309":"\\","310":"\"","311":" ","312":">","313":"\\","314":"r","315":"\\","316":"n","317":" ","318":" ","319":" ","320":" ","321":" ","322":" ","323":"<","324":"a","325":" ","326":"h","327":"r","328":"e","329":"f","330":"=","331":"\\","332":"\"","333":"h","334":"t","335":"t","336":"p","337":"s","338":":","339":"/","340":"/","341":"b","342":"a","343":"i","344":"d","345":"u","346":".","347":"c","348":"o","349":"m","350":"/","351":"\\","352":"\"","353":">","354":"\\","355":"r","356":"\\","357":"n","358":" ","359":" ","360":" ","361":" ","362":" ","363":" ","364":" ","365":" ","366":"<","367":"i","368":"m","369":"g","370":" ","371":"c","372":"l","373":"a","374":"s","375":"s","376":"=","377":"\\","378":"\"","379":"p","380":"e","381":"n","382":"c","383":"i","384":"-","385":"m","386":"a","387":"i","388":"n","389":"l","390":"o","391":"g","392":"o","393":" ","394":"p","395":"e","396":"n","397":"c","398":"i","399":"-","400":"l","401":"i","402":"m","403":"g","404":" ","405":"p","406":"e","407":"n","408":"c","409":"i","410":"-","411":"l","412":"o","413":"g","414":"o","415":"\\","416":"\"","417":" ","418":"s","419":"r","420":"c","421":"=","422":"\\","423":"\"","424":".","425":".","426":"/","427":"a","428":"s","429":"s","430":"e","431":"t","432":"s","433":"/","434":"w","435":"a","436":"n","437":"d","438":"e","439":"r","440":"w","441":"a","442":"l","443":"l","444":"-","445":"l","446":"o","447":"g","448":"o","449":".","450":"p","451":"n","452":"g","453":"\\","454":"\"","455":" ","456":"a","457":"l","458":"t","459":"=","460":"\\","461":"\"","462":"T","463":"h","464":"e","465":" ","466":"W","467":"o","468":"r","469":"l","470":"d","471":" ","472":"T","473":"r","474":"a","475":"v","476":"e","477":"l","478":" ","479":"G","480":"u","481":"y","482":"\\","483":"\"","484":" ","485":"s","486":"t","487":"y","488":"l","489":"e","490":"=","491":"\\","492":"\"","493":"o","494":"p","495":"a","496":"c","497":"i","498":"t","499":"y","500":":","501":" ","502":"0","503":".","504":"5","505":"\\","506":"\"","507":" ","508":"w","509":"i","510":"d","511":"t","512":"h","513":"=","514":"\\","515":"\"","516":"3","517":"0","518":"0","519":"\\","520":"\"","521":" ","522":"h","523":"e","524":"i","525":"g","526":"h","527":"t","528":"=","529":"\\","530":"\"","531":"8","532":"0","533":"\\","534":"\"","535":">","536":" ","537":"<","538":"/","539":"a","540":">","541":"\\","542":"r","543":"\\","544":"n","545":" ","546":" ","547":" ","548":" ","549":"<","550":"/","551":"d","552":"i","553":"v","554":">","555":"\\","556":"r","557":"\\","558":"n","559":" ","560":" ","561":" ","562":" ","563":"<","564":"p","565":" ","566":"s","567":"t","568":"y","569":"l","570":"e","571":"=","572":"\\","573":"\"","574":"f","575":"o","576":"n","577":"t","578":"-","579":"s","580":"i","581":"z","582":"e","583":":","584":" ","585":"1","586":"4","587":"p","588":"x","589":";","590":"p","591":"a","592":"d","593":"d","594":"i","595":"n","596":"g","597":":","598":" ","599":"5","600":"p","601":"x","602":"\\","603":"\"","604":">","605":"@","606":"W","607":"a","608":"n","609":"d","610":"e","611":"r","612":"W","613":"a","614":"l","615":"l","616":" ","617":"2","618":"0","619":"2","620":"4","621":" ","622":"B","623":"y","624":" ","625":"Y","626":"u","627":"n","628":"h","629":"a","630":"i","631":" ","632":"T","633":"e","634":"a","635":"m","636":"<","637":"/","638":"p","639":">","640":"\\","641":"r","642":"\\","643":"n","644":" ","645":" ","646":" ","647":" ","648":"<","649":"!","650":"-","651":"-","652":" ","653":" ","654":" ","655":" ","656":"<","657":"a","658":">","659":" ","660":"A","661":"b","662":"o","663":"u","664":"t","665":" ","666":"U","667":"s","668":" ","669":"×","670":" ","671":"&","672":"n","673":"b","674":"s","675":"p","676":";","677":"&","678":"n","679":"b","680":"s","681":"p","682":";","683":"<","684":"/","685":"a","686":">","687":"-","688":"-","689":">","690":"\\","691":"r","692":"\\","693":"n","694":" ","695":" ","696":" ","697":" ","698":"<","699":"a","700":">","701":"C","702":"o","703":"n","704":"t","705":"a","706":"c","707":"t","708":" ","709":"U","710":"s","711":" ","712":"×","713":"&","714":"n","715":"b","716":"s","717":"p","718":";","719":"&","720":"n","721":"b","722":"s","723":"p","724":";","725":"<","726":"/","727":"a","728":">","729":"\\","730":"r","731":"\\","732":"n","733":" ","734":" ","735":" ","736":" ","737":"<","738":"a","739":">","740":" ","741":"A","742":"p","743":"p","744":"l","745":"a","746":"u","747":"d","748":" ","749":"U","750":"s","751":" ","752":"√","753":"<","754":"/","755":"a","756":">","757":"\\","758":"r","759":"\\","760":"n","761":" ","762":" ","763":" ","764":" ","765":"<","766":"p","767":" ","768":"s","769":"t","770":"y","771":"l","772":"e","773":"=","774":"\\","775":"\"","776":"f","777":"o","778":"n","779":"t","780":"-","781":"s","782":"i","783":"z","784":"e","785":":","786":" ","787":"1","788":"4","789":"p","790":"x","791":";","792":"p","793":"a","794":"d","795":"d","796":"i","797":"n","798":"g","799":"-","800":"t","801":"o","802":"p","803":":","804":" ","805":"1","806":"0","807":"p","808":"x","809":"\\","810":"\"","811":">","812":"H","813":"o","814":"p","815":"e","816":" ","817":"y","818":"o","819":"u","820":" ","821":"c","822":"a","823":"n","824":" ","825":"e","826":"n","827":"j","828":"o","829":"y","830":" ","831":"t","832":"h","833":"e","834":" ","835":"w","836":"e","837":"b","838":"s","839":"i","840":"t","841":"e","842":",","843":" ","844":"c","845":"h","846":"e","847":"r","848":"i","849":"s","850":"h","851":"i","852":"n","853":"g","854":" ","855":"a","856":"n","857":"d","858":" ","859":"r","860":"e","861":"l","862":"i","863":"s","864":"h","865":"i","866":"n","867":"g","868":" ","869":"e","870":"v","871":"e","872":"r","873":"y","874":" ","875":"m","876":"o","877":"m","878":"e","879":"n","880":"t","881":" ","882":"y","883":"o","884":"u","885":" ","886":"t","887":"r","888":"a","889":"v","890":"e","891":"l","892":" ","893":"w","894":"i","895":"t","896":"h","897":" ","898":"t","899":"h","900":"e","901":" ","902":"o","903":"n","904":"e","905":" ","906":"y","907":"o","908":"u","909":" ","910":"a","911":"r","912":"e","913":" ","914":"f","915":"a","916":"m","917":"i","918":"l","919":"i","920":"a","921":"r","922":" ","923":"w","924":"i","925":"t","926":"h","927":".","928":"<","929":"/","930":"p","931":">","932":"\\","933":"r","934":"\\","935":"n","936":" ","937":" ","938":"<","939":"/","940":"f","941":"o","942":"o","943":"t","944":"e","945":"r","946":">","947":"\\","948":"r","949":"\\","950":"n","951":"<","952":"/","953":"t","954":"e","955":"m","956":"p","957":"l","958":"a","959":"t","960":"e","961":">","962":"\\","963":"r","964":"\\","965":"n","966":"\\","967":"r","968":"\\","969":"n","970":"<","971":"s","972":"c","973":"r","974":"i","975":"p","976":"t","977":">","978":"\\","979":"r","980":"\\","981":"n","982":"e","983":"x","984":"p","985":"o","986":"r","987":"t","988":" ","989":"d","990":"e","991":"f","992":"a","993":"u","994":"l","995":"t","996":" ","997":"{","998":"\\","999":"r","1000":"\\","1001":"n","1002":" ","1003":" ","1004":"n","1005":"a","1006":"m","1007":"e","1008":":","1009":" ","1010":"\\","1011":"\"","1012":"F","1013":"o","1014":"o","1015":"t","1016":"e","1017":"r","1018":"\\","1019":"\"","1020":"\\","1021":"r","1022":"\\","1023":"n","1024":"}","1025":"\\","1026":"r","1027":"\\","1028":"n","1029":"<","1030":"/","1031":"s","1032":"c","1033":"r","1034":"i","1035":"p","1036":"t","1037":">","1038":"\\","1039":"r","1040":"\\","1041":"n","1042":"\\","1043":"r","1044":"\\","1045":"n","1046":"<","1047":"s","1048":"t","1049":"y","1050":"l","1051":"e","1052":" ","1053":"s","1054":"c","1055":"o","1056":"p","1057":"e","1058":"d","1059":">","1060":"\\","1061":"r","1062":"\\","1063":"n","1064":"\\","1065":"r","1066":"\\","1067":"n","1068":"<","1069":"/","1070":"s","1071":"t","1072":"y","1073":"l","1074":"e","1075":">","1076":"\"","1077":"]","1078":"}"},"_coverageSchema":"1a1c01bbd47fc00a2c39e90264f33305004495a9","hash":"ea90463256188298274d8f3ce4ebced673a9597c"}
,"F:\\Web_Project\\WanderWall\\wanderwall-vue\\src\\components\\Header.vue": {"path":"F:\\Web_Project\\WanderWall\\wanderwall-vue\\src\\components\\Header.vue","statementMap":{"0":{"start":{"line":4,"column":0},"end":{"line":6,"column":3}},"1":{"start":{"line":7,"column":0},"end":{"line":7,"column":25}},"2":{"start":{"line":8,"column":15},"end":{"line":43,"column":1}},"3":{"start":{"line":15,"column":4},"end":{"line":20,"column":6}},"4":{"start":{"line":24,"column":6},"end":{"line":24,"column":108}},"5":{"start":{"line":28,"column":4},"end":{"line":28,"column":28}},"6":{"start":{"line":32,"column":6},"end":{"line":32,"column":45}},"7":{"start":{"line":35,"column":6},"end":{"line":35,"column":39}},"8":{"start":{"line":39,"column":6},"end":{"line":39,"column":21}},"9":{"start":{"line":40,"column":6},"end":{"line":40,"column":30}},"10":{"start":{"line":44,"column":0},"end":{"line":44,"column":13}},"11":{"start":{"line":46,"column":29},"end":{"line":46,"column":149}},"12":{"start":{"line":47,"column":0},"end":{"line":49,"column":3}},"13":{"start":{"line":50,"column":0},"end":{"line":50,"column":24}},"14":{"start":{"line":51,"column":11},"end":{"line":51,"column":25}},"15":{"start":{"line":52,"column":22},"end":{"line":52,"column":86}},"16":{"start":{"line":53,"column":19},"end":{"line":58,"column":1}},"17":{"start":{"line":59,"column":19},"end":{"line":69,"column":1}},"18":{"start":{"line":70,"column":19},"end":{"line":76,"column":1}},"19":{"start":{"line":77,"column":19},"end":{"line":87,"column":1}},"20":{"start":{"line":88,"column":19},"end":{"line":90,"column":1}},"21":{"start":{"line":91,"column":32},"end":{"line":104,"column":24}},"22":{"start":{"line":105,"column":19},"end":{"line":112,"column":1}},"23":{"start":{"line":113,"column":32},"end":{"line":118,"column":28}},"24":{"start":{"line":119,"column":19},"end":{"line":119,"column":31}},"25":{"start":{"line":120,"column":33},"end":{"line":125,"column":33}},"26":{"start":{"line":126,"column":20},"end":{"line":126,"column":33}},"27":{"start":{"line":127,"column":33},"end":{"line":132,"column":39}},"28":{"start":{"line":133,"column":20},"end":{"line":133,"column":33}},"29":{"start":{"line":134,"column":33},"end":{"line":139,"column":28}},"30":{"start":{"line":140,"column":20},"end":{"line":140,"column":33}},"31":{"start":{"line":141,"column":33},"end":{"line":146,"column":31}},"32":{"start":{"line":147,"column":20},"end":{"line":147,"column":33}},"33":{"start":{"line":148,"column":33},"end":{"line":153,"column":30}},"34":{"start":{"line":154,"column":20},"end":{"line":154,"column":33}},"35":{"start":{"line":155,"column":20},"end":{"line":158,"column":1}},"36":{"start":{"line":159,"column":33},"end":{"line":162,"column":30}},"37":{"start":{"line":163,"column":33},"end":{"line":166,"column":31}},"38":{"start":{"line":167,"column":20},"end":{"line":167,"column":46}},"39":{"start":{"line":168,"column":20},"end":{"line":170,"column":1}},"40":{"start":{"line":171,"column":20},"end":{"line":175,"column":1}},"41":{"start":{"line":176,"column":20},"end":{"line":176,"column":27}},"42":{"start":{"line":177,"column":20},"end":{"line":181,"column":1}},"43":{"start":{"line":182,"column":20},"end":{"line":185,"column":1}},"44":{"start":{"line":186,"column":20},"end":{"line":186,"column":28}},"45":{"start":{"line":187,"column":20},"end":{"line":187,"column":27}},"46":{"start":{"line":188,"column":20},"end":{"line":190,"column":1}},"47":{"start":{"line":191,"column":33},"end":{"line":193,"column":26}},"48":{"start":{"line":194,"column":20},"end":{"line":196,"column":1}},"49":{"start":{"line":197,"column":33},"end":{"line":197,"column":442}},"50":{"start":{"line":198,"column":20},"end":{"line":200,"column":1}},"51":{"start":{"line":202,"column":2},"end":{"line":251,"column":87}},"52":{"start":{"line":250,"column":52},"end":{"line":250,"column":87}},"53":{"start":{"line":252,"column":2},"end":{"line":252,"column":49}}},"fnMap":{"0":{"name":"(anonymous_0)","decl":{"start":{"line":14,"column":2},"end":{"line":14,"column":3}},"loc":{"start":{"line":14,"column":9},"end":{"line":21,"column":3}},"line":14},"1":{"name":"(anonymous_1)","decl":{"start":{"line":23,"column":4},"end":{"line":23,"column":5}},"loc":{"start":{"line":23,"column":17},"end":{"line":25,"column":5}},"line":23},"2":{"name":"(anonymous_2)","decl":{"start":{"line":27,"column":2},"end":{"line":27,"column":3}},"loc":{"start":{"line":27,"column":12},"end":{"line":29,"column":3}},"line":27},"3":{"name":"(anonymous_3)","decl":{"start":{"line":31,"column":4},"end":{"line":31,"column":5}},"loc":{"start":{"line":31,"column":23},"end":{"line":33,"column":5}},"line":31},"4":{"name":"(anonymous_4)","decl":{"start":{"line":34,"column":4},"end":{"line":34,"column":5}},"loc":{"start":{"line":34,"column":19},"end":{"line":36,"column":5}},"line":34},"5":{"name":"(anonymous_5)","decl":{"start":{"line":37,"column":4},"end":{"line":37,"column":5}},"loc":{"start":{"line":37,"column":13},"end":{"line":41,"column":5}},"line":37},"6":{"name":"render","decl":{"start":{"line":201,"column":9},"end":{"line":201,"column":15}},"loc":{"start":{"line":201,"column":30},"end":{"line":252,"column":1}},"line":201},"7":{"name":"(anonymous_7)","decl":{"start":{"line":250,"column":39},"end":{"line":250,"column":40}},"loc":{"start":{"line":250,"column":52},"end":{"line":250,"column":87}},"line":250}},"branchMap":{"0":{"loc":{"start":{"line":17,"column":12},"end":{"line":19,"column":7}},"type":"cond-expr","locations":[{"start":{"line":17,"column":43},"end":{"line":17,"column":83}},{"start":{"line":17,"column":86},"end":{"line":19,"column":7}}],"line":17},"1":{"loc":{"start":{"line":232,"column":78},"end":{"line":251,"column":76}},"type":"cond-expr","locations":[{"start":{"line":232,"column":98},"end":{"line":232,"column":187}},{"start":{"line":232,"column":192},"end":{"line":251,"column":75}}],"line":232},"2":{"loc":{"start":{"line":250,"column":13},"end":{"line":250,"column":88}},"type":"binary-expr","locations":[{"start":{"line":250,"column":13},"end":{"line":250,"column":22}},{"start":{"line":250,"column":27},"end":{"line":250,"column":87}}],"line":250},"3":{"loc":{"start":{"line":250,"column":52},"end":{"line":250,"column":87}},"type":"binary-expr","locations":[{"start":{"line":250,"column":52},"end":{"line":250,"column":63}},{"start":{"line":250,"column":67},"end":{"line":250,"column":87}}],"line":250}},"s":{"0":4,"1":4,"2":4,"3":0,"4":0,"5":0,"6":0,"7":0,"8":0,"9":0,"10":4,"11":4,"12":4,"13":4,"14":4,"15":4,"16":4,"17":4,"18":4,"19":4,"20":4,"21":4,"22":4,"23":4,"24":4,"25":4,"26":4,"27":4,"28":4,"29":4,"30":4,"31":4,"32":4,"33":4,"34":4,"35":4,"36":4,"37":4,"38":4,"39":4,"40":4,"41":4,"42":4,"43":4,"44":4,"45":4,"46":4,"47":4,"48":4,"49":4,"50":4,"51":0,"52":0,"53":4},"f":{"0":0,"1":0,"2":0,"3":0,"4":0,"5":0,"6":0,"7":0},"b":{"0":[0,0],"1":[0,0],"2":[0,0],"3":[0,0]},"inputSourceMap":{"0":"{","1":"\"","2":"v","3":"e","4":"r","5":"s","6":"i","7":"o","8":"n","9":"\"","10":":","11":"3","12":",","13":"\"","14":"s","15":"o","16":"u","17":"r","18":"c","19":"e","20":"s","21":"\"","22":":","23":"[","24":"\"","25":"F","26":":","27":"\\","28":"\\","29":"W","30":"e","31":"b","32":"_","33":"P","34":"r","35":"o","36":"j","37":"e","38":"c","39":"t","40":"\\","41":"\\","42":"W","43":"a","44":"n","45":"d","46":"e","47":"r","48":"W","49":"a","50":"l","51":"l","52":"\\","53":"\\","54":"w","55":"a","56":"n","57":"d","58":"e","59":"r","60":"w","61":"a","62":"l","63":"l","64":"-","65":"v","66":"u","67":"e","68":"\\","69":"\\","70":"s","71":"r","72":"c","73":"\\","74":"\\","75":"c","76":"o","77":"m","78":"p","79":"o","80":"n","81":"e","82":"n","83":"t","84":"s","85":"\\","86":"\\","87":"H","88":"e","89":"a","90":"d","91":"e","92":"r","93":".","94":"v","95":"u","96":"e","97":"\"","98":"]","99":",","100":"\"","101":"n","102":"a","103":"m","104":"e","105":"s","106":"\"","107":":","108":"[","109":"]","110":",","111":"\"","112":"m","113":"a","114":"p","115":"p","116":"i","117":"n","118":"g","119":"s","120":"\"","121":":","122":"\"","123":";","124":";","125":";","126":";","127":";","128":";","129":";","130":"i","131":"C","132":"A","133":"8","134":"D","135":"e","136":";","137":"E","138":"A","139":"C","140":"b","141":",","142":"I","143":"A","144":"A","145":"I","146":",","147":"E","148":"A","149":"A","150":"E","151":",","152":"Q","153":"A","154":"A","155":"Q","156":";","157":"E","158":"A","159":"C","160":"d","161":",","162":"K","163":"A","164":"A","165":"K","166":",","167":"E","168":"A","169":"A","170":"E","171":",","172":"O","173":"A","174":"A","175":"O","176":",","177":"C","178":"A","179":"A","180":"C","181":",","182":"4","183":"B","184":"A","185":"A","186":"4","187":"B","188":",","189":"C","190":"A","191":"A","192":"C","193":";","194":"E","195":"A","196":"C","197":"5","198":"C","199":",","200":"K","201":"A","202":"A","203":"K","204":",","205":"E","206":"A","207":"A","208":"E","209":";","210":"I","211":"A","212":"C","213":"L","214":",","215":"G","216":"A","217":"A","218":"G","219":",","220":"E","221":"A","222":"A","223":"E","224":";","225":"E","226":"A","227":"C","228":"P","229":",","230":"C","231":"A","232":"A","233":"C","234":";","235":"E","236":"A","237":"E","238":"D","239":",","240":"I","241":"A","242":"A","243":"I","244":",","245":"G","246":"A","247":"A","248":"E","249":";","250":"I","251":"A","252":"C","253":"J","254":",","255":"O","256":"A","257":"A","258":"M","259":";","260":"M","261":"A","262":"C","263":"J","264":",","265":"U","266":"A","267":"A","268":"U","269":",","270":"E","271":"A","272":"A","273":"C","274":",","275":"I","276":"A","277":"A","278":"I","279":";","280":"M","281":"A","282":"C","283":"f","284":",","285":"I","286":"A","287":"A","288":"I","289":",","290":"E","291":"A","292":"A","293":"C","294":",","295":"Y","296":"A","297":"A","298":"Y","299":",","300":"C","301":"A","302":"A","303":"C","304":",","305":"O","306":"A","307":"A","308":"O","309":",","310":"C","311":"A","312":"A","313":"C","314":",","315":"M","316":"A","317":"A","318":"M","319":",","320":"C","321":"A","322":"A","323":"C","324":",","325":"G","326":"A","327":"A","328":"C","329":",","330":"I","331":"A","332":"A","333":"I","334":",","335":"C","336":"A","337":"A","338":"C","339":",","340":"K","341":"A","342":"A","343":"K","344":",","345":"C","346":"A","347":"A","348":"C","349":",","350":"Y","351":"A","352":"A","353":"Y","354":",","355":"C","356":"A","357":"A","358":"C","359":",","360":"O","361":"A","362":"A","363":"O","364":",","365":"C","366":"A","367":"A","368":"C","369":",","370":"M","371":"A","372":"A","373":"M","374":",","375":"C","376":"A","377":"A","378":"C","379":",","380":"C","381":"A","382":"A","383":"C","384":",","385":"G","386":"A","387":"A","388":"C","389":";","390":"Q","391":"A","392":"C","393":"z","394":"E","395":",","396":"Q","397":"A","398":"A","399":"Q","400":",","401":"E","402":"A","403":"A","404":"E","405":";","406":"M","407":"A","408":"C","409":"Z","410":";","411":"I","412":"A","413":"C","414":"F","415":",","416":"C","417":"A","418":"A","419":"C","420":";","421":"E","422":"A","423":"C","424":"H","425":",","426":"C","427":"A","428":"A","429":"C","430":";","431":"E","432":"A","433":"C","434":"D","435":",","436":"Q","437":"A","438":"A","439":"Q","440":",","441":"E","442":"A","443":"A","444":"C","445":";","446":"I","447":"A","448":"C","449":"P","450":",","451":"U","452":"A","453":"A","454":"U","455":",","456":"G","457":"A","458":"A","459":"E","460":";","461":"M","462":"A","463":"C","464":"V","465":",","466":"O","467":"A","468":"A","469":"O","470":",","471":"8","472":"F","473":"A","474":"A","475":"8","476":"F","477":";","478":"I","479":"A","480":"C","481":"v","482":"G","483":";","484":"E","485":"A","486":"C","487":"F","488":",","489":"C","490":"A","491":"A","492":"C","493":";","494":"E","495":"A","496":"C","497":"D","498":",","499":"O","500":"A","501":"A","502":"O","503":",","504":"G","505":"A","506":"A","507":"G","508":";","509":"I","510":"A","511":"C","512":"R","513":",","514":"I","515":"A","516":"A","517":"I","518":",","519":"C","520":"A","521":"A","522":"C","523":",","524":"g","525":"B","526":"A","527":"A","528":"g","529":"B","530":",","531":"C","532":"A","533":"A","534":"C","535":",","536":"C","537":"A","538":"A","539":"C","540":";","541":"E","542":"A","543":"C","544":"z","545":"B","546":",","547":"C","548":"A","549":"A","550":"C","551":";","552":"E","553":"A","554":"C","555":"D","556":",","557":"O","558":"A","559":"A","560":"O","561":",","562":"E","563":"A","564":"A","565":"C","566":";","567":"I","568":"A","569":"C","570":"R","571":",","572":"g","573":"B","574":"A","575":"A","576":"g","577":"B","578":",","579":"G","580":"A","581":"A","582":"G","583":";","584":"M","585":"A","586":"C","587":"j","588":"B","589":",","590":"I","591":"A","592":"A","593":"I","594":",","595":"C","596":"A","597":"A","598":"C","599":",","600":"U","601":"A","602":"A","603":"U","604":",","605":"G","606":"A","607":"A","608":"G","609":",","610":"C","611":"A","612":"A","613":"C","614":",","615":"C","616":"A","617":"A","618":"C","619":",","620":"I","621":"A","622":"A","623":"I","624":",","625":"C","626":"A","627":"A","628":"C","629":",","630":"I","631":"A","632":"A","633":"I","634":",","635":"C","636":"A","637":"A","638":"C","639":",","640":"Q","641":"A","642":"A","643":"Q","644":",","645":"C","646":"A","647":"A","648":"C","649":",","650":"C","651":"A","652":"A","653":"C","654":";","655":"I","656":"A","657":"C","658":"1","659":"C","660":",","661":"C","662":"A","663":"A","664":"C","665":";","666":"I","667":"A","668":"C","669":"D","670":",","671":"Q","672":"A","673":"A","674":"Q","675":",","676":"C","677":"A","678":"A","679":"C","680":",","681":"I","682":"A","683":"A","684":"I","685":",","686":"E","687":"A","688":"A","689":"E","690":";","691":"M","692":"A","693":"C","694":"b","695":",","696":"O","697":"A","698":"A","699":"O","700":",","701":"I","702":"A","703":"A","704":"I","705":",","706":"C","707":"A","708":"A","709":"C","710":",","711":"M","712":"A","713":"A","714":"M","715":",","716":"C","717":"A","718":"A","719":"C","720":",","721":"I","722":"A","723":"A","724":"I","725":",","726":"K","727":"A","728":"A","729":"K","730":",","731":"I","732":"A","733":"A","734":"I","735":",","736":"C","737":"A","738":"A","739":"C","740":",","741":"C","742":"A","743":"A","744":"C","745":";","746":"I","747":"A","748":"C","749":"p","750":"C","751":",","752":"C","753":"A","754":"A","755":"C","756":";","757":"I","758":"A","759":"C","760":"D","761":",","762":"M","763":"A","764":"A","765":"M","766":",","767":"G","768":"A","769":"A","770":"E","771":";","772":"M","773":"A","774":"C","775":"N","776":";","777":"M","778":"A","779":"C","780":"A","781":",","782":"I","783":"A","784":"A","785":"I","786":",","787":"C","788":"A","789":"A","790":"C","791":",","792":"I","793":"A","794":"A","795":"I","796":",","797":"G","798":"A","799":"A","800":"C","801":",","802":"C","803":"A","804":"A","805":"C","806":",","807":"C","808":"A","809":"A","810":"C","811":";","812":"M","813":"A","814":"C","815":"Z","816":",","817":"I","818":"A","819":"A","820":"I","821":",","822":"C","823":"A","824":"A","825":"C","826":",","827":"g","828":"B","829":"A","830":"A","831":"g","832":"B","833":",","834":"C","835":"A","836":"A","837":"C","838":",","839":"C","840":"A","841":"A","842":"C","843":";","844":"I","845":"A","846":"C","847":"z","848":"B","849":";","850":"E","851":"A","852":"A","853":"C","854":";","855":"A","856":"A","857":"C","858":"H","859":",","860":"C","861":"A","862":"A","863":"C","864":"\"","865":",","866":"\"","867":"f","868":"i","869":"l","870":"e","871":"\"","872":":","873":"\"","874":"F","875":":","876":"\\","877":"\\","878":"W","879":"e","880":"b","881":"_","882":"P","883":"r","884":"o","885":"j","886":"e","887":"c","888":"t","889":"\\","890":"\\","891":"W","892":"a","893":"n","894":"d","895":"e","896":"r","897":"W","898":"a","899":"l","900":"l","901":"\\","902":"\\","903":"w","904":"a","905":"n","906":"d","907":"e","908":"r","909":"w","910":"a","911":"l","912":"l","913":"-","914":"v","915":"u","916":"e","917":"\\","918":"\\","919":"s","920":"r","921":"c","922":"\\","923":"\\","924":"c","925":"o","926":"m","927":"p","928":"o","929":"n","930":"e","931":"n","932":"t","933":"s","934":"\\","935":"\\","936":"H","937":"e","938":"a","939":"d","940":"e","941":"r","942":".","943":"v","944":"u","945":"e","946":"\"","947":",","948":"\"","949":"s","950":"o","951":"u","952":"r","953":"c","954":"e","955":"s","956":"C","957":"o","958":"n","959":"t","960":"e","961":"n","962":"t","963":"\"","964":":","965":"[","966":"\"","967":"<","968":"t","969":"e","970":"m","971":"p","972":"l","973":"a","974":"t","975":"e","976":">","977":"\\","978":"n","979":" ","980":" ","981":"<","982":"d","983":"i","984":"v","985":" ","986":"c","987":"l","988":"a","989":"s","990":"s","991":"=","992":"\\","993":"\"","994":"p","995":"e","996":"n","997":"c","998":"i","999":"-","1000":"h","1001":"e","1002":"a","1003":"d","1004":"e","1005":"r","1006":"-","1007":"w","1008":"r","1009":"a","1010":"p","1011":"\\","1012":"\"","1013":" ","1014":"s","1015":"t","1016":"y","1017":"l","1018":"e","1019":"=","1020":"\\","1021":"\"","1022":"m","1023":"a","1024":"r","1025":"g","1026":"i","1027":"n","1028":"-","1029":"b","1030":"o","1031":"t","1032":"t","1033":"o","1034":"m","1035":":","1036":" ","1037":"0","1038":"p","1039":"x","1040":" ","1041":"\\","1042":"\"","1043":" ","1044":">","1045":"\\","1046":"n","1047":" ","1048":" ","1049":" ","1050":" ","1051":"<","1052":"h","1053":"e","1054":"a","1055":"d","1056":"e","1057":"r","1058":" ","1059":"i","1060":"d","1061":"=","1062":"\\","1063":"\"","1064":"h","1065":"e","1066":"a","1067":"d","1068":"e","1069":"r","1070":"\\","1071":"\"","1072":" ","1073":"c","1074":"l","1075":"a","1076":"s","1077":"s","1078":"=","1079":"\\","1080":"\"","1081":"h","1082":"e","1083":"a","1084":"d","1085":"e","1086":"r","1087":"-","1088":"h","1089":"e","1090":"a","1091":"d","1092":"e","1093":"r","1094":"-","1095":"6","1096":" ","1097":"h","1098":"a","1099":"s","1100":"-","1101":"b","1102":"o","1103":"t","1104":"t","1105":"o","1106":"m","1107":"-","1108":"l","1109":"i","1110":"n","1111":"e","1112":"\\","1113":"\"","1114":" ","1115":"i","1116":"t","1117":"e","1118":"m","1119":"s","1120":"c","1121":"o","1122":"p","1123":"e","1124":"=","1125":"\\","1126":"\"","1127":"i","1128":"t","1129":"e","1130":"m","1131":"s","1132":"c","1133":"o","1134":"p","1135":"e","1136":"\\","1137":"\"","1138":" ","1139":"s","1140":"t","1141":"y","1142":"l","1143":"e","1144":"=","1145":"\\","1146":"\"","1147":"b","1148":"a","1149":"c","1150":"k","1151":"g","1152":"r","1153":"o","1154":"u","1155":"n","1156":"d","1157":":","1158":" ","1159":"b","1160":"l","1161":"a","1162":"c","1163":"k","1164":";","1165":" ","1166":"m","1167":"a","1168":"r","1169":"g","1170":"i","1171":"n","1172":":","1173":" ","1174":"0","1175":"p","1176":"x","1177":";","1178":"p","1179":"o","1180":"s","1181":"i","1182":"t","1183":"i","1184":"o","1185":"n","1186":":","1187":" ","1188":"f","1189":"i","1190":"x","1191":"e","1192":"d","1193":";","1194":"w","1195":"i","1196":"d","1197":"t","1198":"h","1199":":","1200":" ","1201":"1","1202":"0","1203":"0","1204":"%","1205":"\\","1206":"\"","1207":">","1208":"\\","1209":"n","1210":" ","1211":" ","1212":" ","1213":" ","1214":" ","1215":" ","1216":"<","1217":"d","1218":"i","1219":"v","1220":" ","1221":"i","1222":"d","1223":"=","1224":"\\","1225":"\"","1226":"n","1227":"a","1228":"v","1229":"i","1230":"g","1231":"a","1232":"t","1233":"i","1234":"o","1235":"n","1236":"-","1237":"s","1238":"t","1239":"i","1240":"c","1241":"k","1242":"y","1243":"-","1244":"w","1245":"r","1246":"a","1247":"p","1248":"p","1249":"e","1250":"r","1251":"\\","1252":"\"","1253":" ","1254":"c","1255":"l","1256":"a","1257":"s","1258":"s","1259":"=","1260":"\\","1261":"\"","1262":"s","1263":"t","1264":"i","1265":"c","1266":"k","1267":"y","1268":"-","1269":"w","1270":"r","1271":"a","1272":"p","1273":"p","1274":"e","1275":"r","1276":"\\","1277":"\"","1278":" ","1279":"s","1280":"t","1281":"y","1282":"l","1283":"e","1284":"=","1285":"\\","1286":"\"","1287":"h","1288":"e","1289":"i","1290":"g","1291":"h","1292":"t","1293":":","1294":" ","1295":"8","1296":"2","1297":"p","1298":"x","1299":";","1300":"\\","1301":"\"","1302":">","1303":"\\","1304":"n","1305":" ","1306":" ","1307":" ","1308":" ","1309":" ","1310":" ","1311":" ","1312":" ","1313":"<","1314":"n","1315":"a","1316":"v","1317":" ","1318":"i","1319":"d","1320":"=","1321":"\\","1322":"\"","1323":"n","1324":"a","1325":"v","1326":"i","1327":"g","1328":"a","1329":"t","1330":"i","1331":"o","1332":"n","1333":"\\","1334":"\"","1335":" ","1336":"c","1337":"l","1338":"a","1339":"s","1340":"s","1341":"=","1342":"\\","1343":"\"","1344":"n","1345":"a","1346":"v","1347":"i","1348":"g","1349":"a","1350":"t","1351":"o","1352":"r","1353":"\\","1354":"\"","1355":" ","1356":"r","1357":"o","1358":"l","1359":"e","1360":"=","1361":"\\","1362":"\"","1363":"n","1364":"a","1365":"v","1366":"i","1367":"g","1368":"a","1369":"t","1370":"i","1371":"o","1372":"n","1373":"\\","1374":"\"","1375":" ","1376":"s","1377":"t","1378":"y","1379":"l","1380":"e","1381":"=","1382":"\\","1383":"\"","1384":"b","1385":"a","1386":"c","1387":"k","1388":"g","1389":"r","1390":"o","1391":"u","1392":"n","1393":"d","1394":":","1395":" ","1396":"b","1397":"l","1398":"a","1399":"c","1400":"k","1401":";","1402":" ","1403":"p","1404":"a","1405":"d","1406":"d","1407":"i","1408":"n","1409":"g","1410":"-","1411":"t","1412":"o","1413":"p","1414":":","1415":" ","1416":"1","1417":"5","1418":"p","1419":"x","1420":";","1421":"h","1422":"e","1423":"i","1424":"g","1425":"h","1426":"t","1427":":","1428":" ","1429":"8","1430":"2","1431":"p","1432":"x","1433":";","1434":"b","1435":"o","1436":"r","1437":"d","1438":"e","1439":"r","1440":"-","1441":"c","1442":"o","1443":"l","1444":"o","1445":"r","1446":":","1447":" ","1448":"b","1449":"l","1450":"a","1451":"c","1452":"k","1453":"\\","1454":"\"","1455":">","1456":"\\","1457":"n","1458":" ","1459":" ","1460":" ","1461":" ","1462":" ","1463":" ","1464":" ","1465":" ","1466":" ","1467":" ","1468":"<","1469":"d","1470":"i","1471":"v","1472":" ","1473":"c","1474":"l","1475":"a","1476":"s","1477":"s","1478":"=","1479":"\\","1480":"\"","1481":"h","1482":"e","1483":"a","1484":"d","1485":"e","1486":"r","1487":"-","1488":"c","1489":"o","1490":"n","1491":"t","1492":"a","1493":"i","1494":"n","1495":"e","1496":"r","1497":"\\","1498":"\"","1499":" ","1500":">","1501":"\\","1502":"n","1503":" ","1504":" ","1505":" ","1506":" ","1507":" ","1508":" ","1509":" ","1510":" ","1511":" ","1512":" ","1513":" ","1514":" ","1515":"<","1516":"d","1517":"i","1518":"v","1519":" ","1520":"i","1521":"d","1522":"=","1523":"\\","1524":"\"","1525":"l","1526":"o","1527":"g","1528":"o","1529":"\\","1530":"\"","1531":" ","1532":"s","1533":"t","1534":"y","1535":"l","1536":"e","1537":"=","1538":"\\","1539":"\"","1540":"p","1541":"a","1542":"d","1543":"d","1544":"i","1545":"n","1546":"g","1547":"-","1548":"l","1549":"e","1550":"f","1551":"t","1552":":","1553":" ","1554":"7","1555":"%","1556":"\\","1557":"\"","1558":">","1559":"\\","1560":"n","1561":" ","1562":" ","1563":" ","1564":" ","1565":" ","1566":" ","1567":" ","1568":" ","1569":" ","1570":" ","1571":" ","1572":" ","1573":" ","1574":" ","1575":"<","1576":"a","1577":" ","1578":"h","1579":"r","1580":"e","1581":"f","1582":"=","1583":"\\","1584":"\"","1585":"/","1586":"\\","1587":"\"","1588":">","1589":"\\","1590":"n","1591":" ","1592":" ","1593":" ","1594":" ","1595":" ","1596":" ","1597":" ","1598":" ","1599":" ","1600":" ","1601":" ","1602":" ","1603":" ","1604":" ","1605":" ","1606":" ","1607":"<","1608":"i","1609":"m","1610":"g","1611":" ","1612":"c","1613":"l","1614":"a","1615":"s","1616":"s","1617":"=","1618":"\\","1619":"\"","1620":"p","1621":"e","1622":"n","1623":"c","1624":"i","1625":"-","1626":"m","1627":"a","1628":"i","1629":"n","1630":"l","1631":"o","1632":"g","1633":"o","1634":" ","1635":"p","1636":"e","1637":"n","1638":"c","1639":"i","1640":"-","1641":"l","1642":"i","1643":"m","1644":"g","1645":" ","1646":"p","1647":"e","1648":"n","1649":"c","1650":"i","1651":"-","1652":"l","1653":"o","1654":"g","1655":"o","1656":"\\","1657":"\"","1658":" ","1659":"s","1660":"r","1661":"c","1662":"=","1663":"\\","1664":"\"","1665":".","1666":".","1667":"/","1668":"a","1669":"s","1670":"s","1671":"e","1672":"t","1673":"s","1674":"/","1675":"w","1676":"a","1677":"n","1678":"d","1679":"e","1680":"r","1681":"w","1682":"a","1683":"l","1684":"l","1685":"-","1686":"l","1687":"o","1688":"g","1689":"o","1690":".","1691":"p","1692":"n","1693":"g","1694":"\\","1695":"\"","1696":" ","1697":"a","1698":"l","1699":"t","1700":"=","1701":"\\","1702":"\"","1703":"T","1704":"h","1705":"e","1706":" ","1707":"W","1708":"o","1709":"r","1710":"l","1711":"d","1712":" ","1713":"T","1714":"r","1715":"a","1716":"v","1717":"e","1718":"l","1719":" ","1720":"G","1721":"u","1722":"y","1723":"\\","1724":"\"","1725":" ","1726":"w","1727":"i","1728":"d","1729":"t","1730":"h","1731":"=","1732":"\\","1733":"\"","1734":"2","1735":"3","1736":"0","1737":"\\","1738":"\"","1739":" ","1740":"h","1741":"e","1742":"i","1743":"g","1744":"h","1745":"t","1746":"=","1747":"\\","1748":"\"","1749":"1","1750":"0","1751":"0","1752":"\\","1753":"\"","1754":">","1755":" ","1756":"<","1757":"/","1758":"a","1759":">","1760":"\\","1761":"n","1762":" ","1763":" ","1764":" ","1765":" ","1766":" ","1767":" ","1768":" ","1769":" ","1770":" ","1771":" ","1772":" ","1773":" ","1774":"<","1775":"/","1776":"d","1777":"i","1778":"v","1779":">","1780":"\\","1781":"n","1782":" ","1783":" ","1784":" ","1785":" ","1786":" ","1787":" ","1788":" ","1789":" ","1790":" ","1791":" ","1792":" ","1793":" ","1794":"<","1795":"!","1796":"-","1797":"-","1798":"菜","1799":"单","1800":"-","1801":"-","1802":">","1803":"\\","1804":"n","1805":" ","1806":" ","1807":" ","1808":" ","1809":" ","1810":" ","1811":" ","1812":" ","1813":" ","1814":" ","1815":" ","1816":" ","1817":"<","1818":"u","1819":"l","1820":" ","1821":"i","1822":"d","1823":"=","1824":"\\","1825":"\"","1826":"m","1827":"e","1828":"n","1829":"u","1830":"-","1831":"m","1832":"e","1833":"n","1834":"u","1835":"-","1836":"1","1837":"\\","1838":"\"","1839":" ","1840":"c","1841":"l","1842":"a","1843":"s","1844":"s","1845":"=","1846":"\\","1847":"\"","1848":"m","1849":"e","1850":"n","1851":"u","1852":"\\","1853":"\"","1854":" ","1855":"s","1856":"t","1857":"y","1858":"l","1859":"e","1860":"=","1861":"\\","1862":"\"","1863":"p","1864":"a","1865":"d","1866":"d","1867":"i","1868":"n","1869":"g","1870":"-","1871":"l","1872":"e","1873":"f","1874":"t","1875":":","1876":" ","1877":"1","1878":"0","1879":"%","1880":";","1881":"p","1882":"a","1883":"d","1884":"d","1885":"i","1886":"n","1887":"g","1888":"-","1889":"r","1890":"i","1891":"g","1892":"h","1893":"t","1894":":","1895":" ","1896":"8","1897":"%","1898":"\\","1899":"\"","1900":">","1901":"\\","1902":"n","1903":" ","1904":" ","1905":" ","1906":" ","1907":" ","1908":" ","1909":" ","1910":" ","1911":" ","1912":" ","1913":" ","1914":" ","1915":" ","1916":" ","1917":"<","1918":"l","1919":"i","1920":" ","1921":"i","1922":"d","1923":"=","1924":"\\","1925":"\"","1926":"m","1927":"e","1928":"n","1929":"u","1930":"-","1931":"i","1932":"t","1933":"e","1934":"m","1935":"-","1936":"1","1937":"4","1938":"3","1939":"2","1940":"\\","1941":"\"","1942":" ","1943":":","1944":"c","1945":"l","1946":"a","1947":"s","1948":"s","1949":"=","1950":"\\","1951":"\"","1952":"{","1953":" ","1954":"'","1955":"m","1956":"e","1957":"g","1958":"a","1959":"m","1960":"e","1961":"n","1962":"u","1963":" ","1964":"m","1965":"e","1966":"n","1967":"u","1968":"-","1969":"i","1970":"t","1971":"e","1972":"m","1973":" ","1974":"m","1975":"e","1976":"n","1977":"u","1978":"-","1979":"i","1980":"t","1981":"e","1982":"m","1983":"-","1984":"t","1985":"y","1986":"p","1987":"e","1988":"-","1989":"c","1990":"u","1991":"s","1992":"t","1993":"o","1994":"m","1995":" ","1996":"m","1997":"e","1998":"n","1999":"u","2000":"-","2001":"i","2002":"t","2003":"e","2004":"m","2005":"-","2006":"o","2007":"b","2008":"j","2009":"e","2010":"c","2011":"t","2012":"-","2013":"c","2014":"u","2015":"s","2016":"t","2017":"o","2018":"m","2019":" ","2020":"c","2021":"u","2022":"r","2023":"r","2024":"e","2025":"n","2026":"t","2027":"-","2028":"m","2029":"e","2030":"n","2031":"u","2032":"-","2033":"i","2034":"t","2035":"e","2036":"m","2037":" ","2038":"c","2039":"u","2040":"r","2041":"r","2042":"e","2043":"n","2044":"t","2045":"_","2046":"p","2047":"a","2048":"g","2049":"e","2050":"_","2051":"i","2052":"t","2053":"e","2054":"m","2055":" ","2056":"a","2057":"j","2058":"a","2059":"x","2060":"-","2061":"m","2062":"e","2063":"g","2064":"a","2065":"-","2066":"m","2067":"e","2068":"n","2069":"u","2070":" ","2071":"m","2072":"e","2073":"n","2074":"u","2075":"-","2076":"i","2077":"t","2078":"e","2079":"m","2080":"-","2081":"1","2082":"4","2083":"3","2084":"2","2085":"'","2086":":","2087":" ","2088":"i","2089":"s","2090":"A","2091":"c","2092":"t","2093":"i","2094":"v","2095":"e","2096":"(","2097":"'","2098":"/","2099":"'","2100":")","2101":" ","2102":"}","2103":"\\","2104":"\"","2105":">","2106":"<","2107":"a","2108":" ","2109":"h","2110":"r","2111":"e","2112":"f","2113":"=","2114":"\\","2115":"\"","2116":"/","2117":"\\","2118":"\"","2119":" ","2120":"s","2121":"t","2122":"y","2123":"l","2124":"e","2125":"=","2126":"\\","2127":"\"","2128":"f","2129":"o","2130":"n","2131":"t","2132":"-","2133":"s","2134":"i","2135":"z","2136":"e","2137":":","2138":" ","2139":"1","2140":"4","2141":"p","2142":"x","2143":"\\","2144":"\"","2145":">","2146":"H","2147":"o","2148":"m","2149":"e","2150":"<","2151":"/","2152":"a","2153":">","2154":"<","2155":"/","2156":"l","2157":"i","2158":">","2159":"\\","2160":"n","2161":" ","2162":" ","2163":" ","2164":" ","2165":" ","2166":" ","2167":" ","2168":" ","2169":" ","2170":" ","2171":" ","2172":" ","2173":" ","2174":" ","2175":"<","2176":"l","2177":"i","2178":" ","2179":"i","2180":"d","2181":"=","2182":"\\","2183":"\"","2184":"m","2185":"e","2186":"n","2187":"u","2188":"-","2189":"i","2190":"t","2191":"e","2192":"m","2193":"-","2194":"1","2195":"4","2196":"3","2197":"2","2198":"\\","2199":"\"","2200":" ","2201":":","2202":"c","2203":"l","2204":"a","2205":"s","2206":"s","2207":"=","2208":"\\","2209":"\"","2210":"{","2211":" ","2212":"'","2213":"m","2214":"e","2215":"g","2216":"a","2217":"m","2218":"e","2219":"n","2220":"u","2221":" ","2222":"m","2223":"e","2224":"n","2225":"u","2226":"-","2227":"i","2228":"t","2229":"e","2230":"m","2231":" ","2232":"m","2233":"e","2234":"n","2235":"u","2236":"-","2237":"i","2238":"t","2239":"e","2240":"m","2241":"-","2242":"t","2243":"y","2244":"p","2245":"e","2246":"-","2247":"c","2248":"u","2249":"s","2250":"t","2251":"o","2252":"m","2253":" ","2254":"m","2255":"e","2256":"n","2257":"u","2258":"-","2259":"i","2260":"t","2261":"e","2262":"m","2263":"-","2264":"o","2265":"b","2266":"j","2267":"e","2268":"c","2269":"t","2270":"-","2271":"c","2272":"u","2273":"s","2274":"t","2275":"o","2276":"m","2277":" ","2278":"c","2279":"u","2280":"r","2281":"r","2282":"e","2283":"n","2284":"t","2285":"-","2286":"m","2287":"e","2288":"n","2289":"u","2290":"-","2291":"i","2292":"t","2293":"e","2294":"m","2295":" ","2296":"c","2297":"u","2298":"r","2299":"r","2300":"e","2301":"n","2302":"t","2303":"_","2304":"p","2305":"a","2306":"g","2307":"e","2308":"_","2309":"i","2310":"t","2311":"e","2312":"m","2313":" ","2314":"a","2315":"j","2316":"a","2317":"x","2318":"-","2319":"m","2320":"e","2321":"g","2322":"a","2323":"-","2324":"m","2325":"e","2326":"n","2327":"u","2328":" ","2329":"m","2330":"e","2331":"n","2332":"u","2333":"-","2334":"i","2335":"t","2336":"e","2337":"m","2338":"-","2339":"1","2340":"4","2341":"3","2342":"2","2343":"'","2344":":","2345":" ","2346":"i","2347":"s","2348":"A","2349":"c","2350":"t","2351":"i","2352":"v","2353":"e","2354":"(","2355":"'","2356":"/","2357":"t","2358":"r","2359":"a","2360":"c","2361":"e","2362":"m","2363":"a","2364":"p","2365":"/","2366":"'","2367":")","2368":" ","2369":"}","2370":"\\","2371":"\"","2372":" ","2373":">","2374":"<","2375":"a","2376":" ","2377":"h","2378":"r","2379":"e","2380":"f","2381":"=","2382":"\\","2383":"\"","2384":"/","2385":"t","2386":"r","2387":"a","2388":"c","2389":"e","2390":"m","2391":"a","2392":"p","2393":"/","2394":"\\","2395":"\"","2396":" ","2397":"s","2398":"t","2399":"y","2400":"l","2401":"e","2402":"=","2403":"\\","2404":"\"","2405":"f","2406":"o","2407":"n","2408":"t","2409":"-","2410":"s","2411":"i","2412":"z","2413":"e","2414":":","2415":" ","2416":"1","2417":"4","2418":"p","2419":"x","2420":"\\","2421":"\"","2422":" ","2423":">","2424":"T","2425":"r","2426":"a","2427":"c","2428":"e","2429":" ","2430":"M","2431":"a","2432":"p","2433":"<","2434":"/","2435":"a","2436":">","2437":"<","2438":"/","2439":"l","2440":"i","2441":">","2442":"\\","2443":"n","2444":" ","2445":" ","2446":" ","2447":" ","2448":" ","2449":" ","2450":" ","2451":" ","2452":" ","2453":" ","2454":" ","2455":" ","2456":" ","2457":" ","2458":"<","2459":"l","2460":"i","2461":" ","2462":"i","2463":"d","2464":"=","2465":"\\","2466":"\"","2467":"m","2468":"e","2469":"n","2470":"u","2471":"-","2472":"i","2473":"t","2474":"e","2475":"m","2476":"-","2477":"1","2478":"4","2479":"3","2480":"2","2481":"\\","2482":"\"","2483":" ","2484":":","2485":"c","2486":"l","2487":"a","2488":"s","2489":"s","2490":"=","2491":"\\","2492":"\"","2493":"{","2494":" ","2495":"'","2496":"m","2497":"e","2498":"g","2499":"a","2500":"m","2501":"e","2502":"n","2503":"u","2504":" ","2505":"m","2506":"e","2507":"n","2508":"u","2509":"-","2510":"i","2511":"t","2512":"e","2513":"m","2514":" ","2515":"m","2516":"e","2517":"n","2518":"u","2519":"-","2520":"i","2521":"t","2522":"e","2523":"m","2524":"-","2525":"t","2526":"y","2527":"p","2528":"e","2529":"-","2530":"c","2531":"u","2532":"s","2533":"t","2534":"o","2535":"m","2536":" ","2537":"m","2538":"e","2539":"n","2540":"u","2541":"-","2542":"i","2543":"t","2544":"e","2545":"m","2546":"-","2547":"o","2548":"b","2549":"j","2550":"e","2551":"c","2552":"t","2553":"-","2554":"c","2555":"u","2556":"s","2557":"t","2558":"o","2559":"m","2560":" ","2561":"c","2562":"u","2563":"r","2564":"r","2565":"e","2566":"n","2567":"t","2568":"-","2569":"m","2570":"e","2571":"n","2572":"u","2573":"-","2574":"i","2575":"t","2576":"e","2577":"m","2578":" ","2579":"c","2580":"u","2581":"r","2582":"r","2583":"e","2584":"n","2585":"t","2586":"_","2587":"p","2588":"a","2589":"g","2590":"e","2591":"_","2592":"i","2593":"t","2594":"e","2595":"m","2596":" ","2597":"a","2598":"j","2599":"a","2600":"x","2601":"-","2602":"m","2603":"e","2604":"g","2605":"a","2606":"-","2607":"m","2608":"e","2609":"n","2610":"u","2611":" ","2612":"m","2613":"e","2614":"n","2615":"u","2616":"-","2617":"i","2618":"t","2619":"e","2620":"m","2621":"-","2622":"1","2623":"4","2624":"3","2625":"2","2626":"'","2627":":","2628":" ","2629":"i","2630":"s","2631":"A","2632":"c","2633":"t","2634":"i","2635":"v","2636":"e","2637":"(","2638":"'","2639":"/","2640":"r","2641":"e","2642":"l","2643":"a","2644":"t","2645":"i","2646":"o","2647":"n","2648":"-","2649":"g","2650":"r","2651":"a","2652":"p","2653":"h","2654":"/","2655":"'","2656":")","2657":" ","2658":"}","2659":"\\","2660":"\"","2661":" ","2662":">","2663":"<","2664":"a","2665":" ","2666":"h","2667":"r","2668":"e","2669":"f","2670":"=","2671":"\\","2672":"\"","2673":"/","2674":"r","2675":"e","2676":"l","2677":"a","2678":"t","2679":"i","2680":"o","2681":"n","2682":"-","2683":"g","2684":"r","2685":"a","2686":"p","2687":"h","2688":"/","2689":"\\","2690":"\"","2691":" ","2692":"s","2693":"t","2694":"y","2695":"l","2696":"e","2697":"=","2698":"\\","2699":"\"","2700":"f","2701":"o","2702":"n","2703":"t","2704":"-","2705":"s","2706":"i","2707":"z","2708":"e","2709":":","2710":" ","2711":"1","2712":"4","2713":"p","2714":"x","2715":"\\","2716":"\"","2717":" ","2718":">","2719":"T","2720":"r","2721":"a","2722":"v","2723":"e","2724":"l","2725":" ","2726":"R","2727":"e","2728":"l","2729":"a","2730":"t","2731":"i","2732":"o","2733":"n","2734":"<","2735":"/","2736":"a","2737":">","2738":"<","2739":"/","2740":"l","2741":"i","2742":">","2743":"\\","2744":"n","2745":" ","2746":" ","2747":" ","2748":" ","2749":" ","2750":" ","2751":" ","2752":" ","2753":" ","2754":" ","2755":" ","2756":" ","2757":" ","2758":" ","2759":"<","2760":"l","2761":"i","2762":" ","2763":"i","2764":"d","2765":"=","2766":"\\","2767":"\"","2768":"m","2769":"e","2770":"n","2771":"u","2772":"-","2773":"i","2774":"t","2775":"e","2776":"m","2777":"-","2778":"1","2779":"4","2780":"3","2781":"2","2782":"\\","2783":"\"","2784":" ","2785":":","2786":"c","2787":"l","2788":"a","2789":"s","2790":"s","2791":"=","2792":"\\","2793":"\"","2794":"{","2795":" ","2796":"'","2797":"m","2798":"e","2799":"g","2800":"a","2801":"m","2802":"e","2803":"n","2804":"u","2805":" ","2806":"m","2807":"e","2808":"n","2809":"u","2810":"-","2811":"i","2812":"t","2813":"e","2814":"m","2815":" ","2816":"m","2817":"e","2818":"n","2819":"u","2820":"-","2821":"i","2822":"t","2823":"e","2824":"m","2825":"-","2826":"t","2827":"y","2828":"p","2829":"e","2830":"-","2831":"c","2832":"u","2833":"s","2834":"t","2835":"o","2836":"m","2837":" ","2838":"m","2839":"e","2840":"n","2841":"u","2842":"-","2843":"i","2844":"t","2845":"e","2846":"m","2847":"-","2848":"o","2849":"b","2850":"j","2851":"e","2852":"c","2853":"t","2854":"-","2855":"c","2856":"u","2857":"s","2858":"t","2859":"o","2860":"m","2861":" ","2862":"c","2863":"u","2864":"r","2865":"r","2866":"e","2867":"n","2868":"t","2869":"-","2870":"m","2871":"e","2872":"n","2873":"u","2874":"-","2875":"i","2876":"t","2877":"e","2878":"m","2879":" ","2880":"c","2881":"u","2882":"r","2883":"r","2884":"e","2885":"n","2886":"t","2887":"_","2888":"p","2889":"a","2890":"g","2891":"e","2892":"_","2893":"i","2894":"t","2895":"e","2896":"m","2897":" ","2898":"a","2899":"j","2900":"a","2901":"x","2902":"-","2903":"m","2904":"e","2905":"g","2906":"a","2907":"-","2908":"m","2909":"e","2910":"n","2911":"u","2912":" ","2913":"m","2914":"e","2915":"n","2916":"u","2917":"-","2918":"i","2919":"t","2920":"e","2921":"m","2922":"-","2923":"1","2924":"4","2925":"3","2926":"2","2927":"'","2928":":","2929":" ","2930":"i","2931":"s","2932":"A","2933":"c","2934":"t","2935":"i","2936":"v","2937":"e","2938":"(","2939":"'","2940":"/","2941":"b","2942":"l","2943":"o","2944":"g","2945":"/","2946":"'","2947":")","2948":" ","2949":"}","2950":"\\","2951":"\"","2952":">","2953":"<","2954":"a","2955":" ","2956":"h","2957":"r","2958":"e","2959":"f","2960":"=","2961":"\\","2962":"\"","2963":"/","2964":"b","2965":"l","2966":"o","2967":"g","2968":"/","2969":"\\","2970":"\"","2971":" ","2972":"s","2973":"t","2974":"y","2975":"l","2976":"e","2977":"=","2978":"\\","2979":"\"","2980":"f","2981":"o","2982":"n","2983":"t","2984":"-","2985":"s","2986":"i","2987":"z","2988":"e","2989":":","2990":" ","2991":"1","2992":"4","2993":"p","2994":"x","2995":"\\","2996":"\"","2997":">","2998":"B","2999":"l","3000":"o","3001":"g","3002":"<","3003":"/","3004":"a","3005":">","3006":"<","3007":"/","3008":"l","3009":"i","3010":">","3011":"\\","3012":"n","3013":" ","3014":" ","3015":" ","3016":" ","3017":" ","3018":" ","3019":" ","3020":" ","3021":" ","3022":" ","3023":" ","3024":" ","3025":" ","3026":" ","3027":"<","3028":"l","3029":"i","3030":" ","3031":"i","3032":"d","3033":"=","3034":"\\","3035":"\"","3036":"m","3037":"e","3038":"n","3039":"u","3040":"-","3041":"i","3042":"t","3043":"e","3044":"m","3045":"-","3046":"1","3047":"4","3048":"3","3049":"2","3050":"\\","3051":"\"","3052":" ","3053":":","3054":"c","3055":"l","3056":"a","3057":"s","3058":"s","3059":"=","3060":"\\","3061":"\"","3062":"{","3063":" ","3064":"'","3065":"m","3066":"e","3067":"g","3068":"a","3069":"m","3070":"e","3071":"n","3072":"u","3073":" ","3074":"m","3075":"e","3076":"n","3077":"u","3078":"-","3079":"i","3080":"t","3081":"e","3082":"m","3083":" ","3084":"m","3085":"e","3086":"n","3087":"u","3088":"-","3089":"i","3090":"t","3091":"e","3092":"m","3093":"-","3094":"t","3095":"y","3096":"p","3097":"e","3098":"-","3099":"c","3100":"u","3101":"s","3102":"t","3103":"o","3104":"m","3105":" ","3106":"m","3107":"e","3108":"n","3109":"u","3110":"-","3111":"i","3112":"t","3113":"e","3114":"m","3115":"-","3116":"o","3117":"b","3118":"j","3119":"e","3120":"c","3121":"t","3122":"-","3123":"c","3124":"u","3125":"s","3126":"t","3127":"o","3128":"m","3129":" ","3130":"c","3131":"u","3132":"r","3133":"r","3134":"e","3135":"n","3136":"t","3137":"-","3138":"m","3139":"e","3140":"n","3141":"u","3142":"-","3143":"i","3144":"t","3145":"e","3146":"m","3147":" ","3148":"c","3149":"u","3150":"r","3151":"r","3152":"e","3153":"n","3154":"t","3155":"_","3156":"p","3157":"a","3158":"g","3159":"e","3160":"_","3161":"i","3162":"t","3163":"e","3164":"m","3165":" ","3166":"a","3167":"j","3168":"a","3169":"x","3170":"-","3171":"m","3172":"e","3173":"g","3174":"a","3175":"-","3176":"m","3177":"e","3178":"n","3179":"u","3180":" ","3181":"m","3182":"e","3183":"n","3184":"u","3185":"-","3186":"i","3187":"t","3188":"e","3189":"m","3190":"-","3191":"1","3192":"4","3193":"3","3194":"2","3195":"'","3196":":","3197":" ","3198":"i","3199":"s","3200":"A","3201":"c","3202":"t","3203":"i","3204":"v","3205":"e","3206":"(","3207":"'","3208":"/","3209":"g","3210":"a","3211":"l","3212":"l","3213":"e","3214":"r","3215":"y","3216":"/","3217":"'","3218":")","3219":" ","3220":"}","3221":"\\","3222":"\"","3223":">","3224":"<","3225":"a","3226":" ","3227":"h","3228":"r","3229":"e","3230":"f","3231":"=","3232":"\\","3233":"\"","3234":"/","3235":"g","3236":"a","3237":"l","3238":"l","3239":"e","3240":"r","3241":"y","3242":"/","3243":"\\","3244":"\"","3245":"s","3246":"t","3247":"y","3248":"l","3249":"e","3250":"=","3251":"\\","3252":"\"","3253":"f","3254":"o","3255":"n","3256":"t","3257":"-","3258":"s","3259":"i","3260":"z","3261":"e","3262":":","3263":" ","3264":"1","3265":"4","3266":"p","3267":"x","3268":"\\","3269":"\"","3270":">","3271":"G","3272":"a","3273":"l","3274":"l","3275":"e","3276":"r","3277":"y","3278":"<","3279":"/","3280":"a","3281":">","3282":"<","3283":"/","3284":"l","3285":"i","3286":">","3287":"\\","3288":"n","3289":" ","3290":" ","3291":" ","3292":" ","3293":" ","3294":" ","3295":" ","3296":" ","3297":" ","3298":" ","3299":" ","3300":" ","3301":" ","3302":" ","3303":"<","3304":"l","3305":"i","3306":" ","3307":"i","3308":"d","3309":"=","3310":"\\","3311":"\"","3312":"m","3313":"e","3314":"n","3315":"u","3316":"-","3317":"i","3318":"t","3319":"e","3320":"m","3321":"-","3322":"1","3323":"4","3324":"3","3325":"2","3326":"\\","3327":"\"","3328":" ","3329":":","3330":"c","3331":"l","3332":"a","3333":"s","3334":"s","3335":"=","3336":"\\","3337":"\"","3338":"{","3339":" ","3340":"'","3341":"m","3342":"e","3343":"g","3344":"a","3345":"m","3346":"e","3347":"n","3348":"u","3349":" ","3350":"m","3351":"e","3352":"n","3353":"u","3354":"-","3355":"i","3356":"t","3357":"e","3358":"m","3359":" ","3360":"m","3361":"e","3362":"n","3363":"u","3364":"-","3365":"i","3366":"t","3367":"e","3368":"m","3369":"-","3370":"t","3371":"y","3372":"p","3373":"e","3374":"-","3375":"c","3376":"u","3377":"s","3378":"t","3379":"o","3380":"m","3381":" ","3382":"m","3383":"e","3384":"n","3385":"u","3386":"-","3387":"i","3388":"t","3389":"e","3390":"m","3391":"-","3392":"o","3393":"b","3394":"j","3395":"e","3396":"c","3397":"t","3398":"-","3399":"c","3400":"u","3401":"s","3402":"t","3403":"o","3404":"m","3405":" ","3406":"c","3407":"u","3408":"r","3409":"r","3410":"e","3411":"n","3412":"t","3413":"-","3414":"m","3415":"e","3416":"n","3417":"u","3418":"-","3419":"i","3420":"t","3421":"e","3422":"m","3423":" ","3424":"c","3425":"u","3426":"r","3427":"r","3428":"e","3429":"n","3430":"t","3431":"_","3432":"p","3433":"a","3434":"g","3435":"e","3436":"_","3437":"i","3438":"t","3439":"e","3440":"m","3441":" ","3442":"a","3443":"j","3444":"a","3445":"x","3446":"-","3447":"m","3448":"e","3449":"g","3450":"a","3451":"-","3452":"m","3453":"e","3454":"n","3455":"u","3456":" ","3457":"m","3458":"e","3459":"n","3460":"u","3461":"-","3462":"i","3463":"t","3464":"e","3465":"m","3466":"-","3467":"1","3468":"4","3469":"3","3470":"2","3471":"'","3472":":","3473":" ","3474":"i","3475":"s","3476":"A","3477":"c","3478":"t","3479":"i","3480":"v","3481":"e","3482":"(","3483":"'","3484":"/","3485":"r","3486":"e","3487":"p","3488":"o","3489":"r","3490":"t","3491":"'","3492":")","3493":" ","3494":"}","3495":"\\","3496":"\"","3497":">","3498":"<","3499":"a","3500":" ","3501":"h","3502":"r","3503":"e","3504":"f","3505":"=","3506":"\\","3507":"\"","3508":"/","3509":"r","3510":"e","3511":"p","3512":"o","3513":"r","3514":"t","3515":"\\","3516":"\"","3517":"s","3518":"t","3519":"y","3520":"l","3521":"e","3522":"=","3523":"\\","3524":"\"","3525":"f","3526":"o","3527":"n","3528":"t","3529":"-","3530":"s","3531":"i","3532":"z","3533":"e","3534":":","3535":" ","3536":"1","3537":"4","3538":"p","3539":"x","3540":"\\","3541":"\"","3542":">","3543":"R","3544":"e","3545":"p","3546":"o","3547":"r","3548":"t","3549":"<","3550":"/","3551":"a","3552":">","3553":"<","3554":"/","3555":"l","3556":"i","3557":">","3558":"\\","3559":"n","3560":" ","3561":" ","3562":" ","3563":" ","3564":" ","3565":" ","3566":" ","3567":" ","3568":" ","3569":" ","3570":" ","3571":" ","3572":"<","3573":"/","3574":"u","3575":"l","3576":">","3577":"\\","3578":"n","3579":" ","3580":" ","3581":" ","3582":" ","3583":" ","3584":" ","3585":" ","3586":" ","3587":" ","3588":" ","3589":" ","3590":" ","3591":"<","3592":"!","3593":"-","3594":"-","3595":"未","3596":"登","3597":"录","3598":"-","3599":"-","3600":">","3601":"\\","3602":"n","3603":" ","3604":" ","3605":" ","3606":" ","3607":" ","3608":" ","3609":" ","3610":" ","3611":" ","3612":" ","3613":" ","3614":" ","3615":"<","3616":"d","3617":"i","3618":"v","3619":" ","3620":"v","3621":"-","3622":"i","3623":"f","3624":" ","3625":"=","3626":" ","3627":"\\","3628":"\"","3629":"!","3630":"i","3631":"s","3632":"L","3633":"o","3634":"g","3635":"g","3636":"e","3637":"d","3638":"I","3639":"n","3640":"\\","3641":"\"","3642":" ","3643":"c","3644":"l","3645":"a","3646":"s","3647":"s","3648":"=","3649":"\\","3650":"\"","3651":"n","3652":"a","3653":"v","3654":"-","3655":"v","3656":"2","3657":"-","3658":"d","3659":"y","3660":"n","3661":"a","3662":"m","3663":"i","3664":"c","3665":"_","3666":"_","3667":"l","3668":"o","3669":"g","3670":"g","3671":"e","3672":"d","3673":"-","3674":"o","3675":"u","3676":"t","3677":"\\","3678":"\"","3679":">","3680":"\\","3681":"n","3682":" ","3683":" ","3684":" ","3685":" ","3686":" ","3687":" ","3688":" ","3689":" ","3690":" ","3691":" ","3692":" ","3693":" ","3694":" ","3695":" ","3696":"<","3697":"a","3698":" ","3699":"c","3700":"l","3701":"a","3702":"s","3703":"s","3704":"=","3705":"\\","3706":"\"","3707":"l","3708":"o","3709":"g","3710":"i","3711":"n","3712":"-","3713":"b","3714":"u","3715":"t","3716":"t","3717":"o","3718":"n","3719":"\\","3720":"\"","3721":" ","3722":"h","3723":"r","3724":"e","3725":"f","3726":"=","3727":"\\","3728":"\"","3729":"/","3730":"l","3731":"o","3732":"g","3733":"i","3734":"n","3735":"\\","3736":"\"","3737":">","3738":"L","3739":"o","3740":"g","3741":" ","3742":"i","3743":"n","3744":"<","3745":"/","3746":"a","3747":">","3748":"\\","3749":"n","3750":" ","3751":" ","3752":" ","3753":" ","3754":" ","3755":" ","3756":" ","3757":" ","3758":" ","3759":" ","3760":" ","3761":" ","3762":" ","3763":" ","3764":"<","3765":"a","3766":" ","3767":"c","3768":"l","3769":"a","3770":"s","3771":"s","3772":"=","3773":"\\","3774":"\"","3775":"s","3776":"i","3777":"g","3778":"n","3779":"u","3780":"p","3781":"-","3782":"b","3783":"u","3784":"t","3785":"t","3786":"o","3787":"n","3788":"\\","3789":"\"","3790":" ","3791":"h","3792":"r","3793":"e","3794":"f","3795":"=","3796":"\\","3797":"\"","3798":"/","3799":"r","3800":"e","3801":"g","3802":"i","3803":"s","3804":"t","3805":"e","3806":"r","3807":"\\","3808":"\"","3809":">","3810":"S","3811":"i","3812":"g","3813":"n","3814":" ","3815":"u","3816":"p","3817":"<","3818":"/","3819":"a","3820":">","3821":"\\","3822":"n","3823":" ","3824":" ","3825":" ","3826":" ","3827":" ","3828":" ","3829":" ","3830":" ","3831":" ","3832":" ","3833":" ","3834":" ","3835":"<","3836":"/","3837":"d","3838":"i","3839":"v","3840":">","3841":"\\","3842":"n","3843":" ","3844":" ","3845":" ","3846":" ","3847":" ","3848":" ","3849":" ","3850":" ","3851":" ","3852":" ","3853":" ","3854":" ","3855":"<","3856":"!","3857":"-","3858":"-","3859":"已","3860":"登","3861":"录","3862":"-","3863":"-","3864":">","3865":"\\","3866":"n","3867":" ","3868":" ","3869":" ","3870":" ","3871":" ","3872":" ","3873":" ","3874":" ","3875":" ","3876":" ","3877":" ","3878":" ","3879":"<","3880":"d","3881":"i","3882":"v","3883":" ","3884":"v","3885":"-","3886":"e","3887":"l","3888":"s","3889":"e","3890":" ","3891":"c","3892":"l","3893":"a","3894":"s","3895":"s","3896":"=","3897":"\\","3898":"\"","3899":"n","3900":"a","3901":"v","3902":"-","3903":"v","3904":"2","3905":"-","3906":"a","3907":"v","3908":"a","3909":"t","3910":"a","3911":"r","3912":"\\","3913":"\"","3914":">","3915":"\\","3916":"n","3917":" ","3918":" ","3919":" ","3920":" ","3921":" ","3922":" ","3923":" ","3924":" ","3925":" ","3926":" ","3927":" ","3928":" ","3929":" ","3930":" ","3931":"<","3932":"a","3933":" ","3934":"d","3935":"a","3936":"t","3937":"a","3938":"-","3939":"n","3940":"a","3941":"v","3942":"-","3943":"v","3944":"2","3945":"-","3946":"a","3947":"v","3948":"a","3949":"t","3950":"a","3951":"r","3952":"=","3953":"\\","3954":"\"","3955":"t","3956":"r","3957":"u","3958":"e","3959":"\\","3960":"\"","3961":" ","3962":"t","3963":"i","3964":"t","3965":"l","3966":"e","3967":"=","3968":"\\","3969":"\"","3970":"O","3971":"p","3972":"e","3973":"n","3974":" ","3975":"p","3976":"r","3977":"o","3978":"f","3979":"i","3980":"l","3981":"e","3982":"\\","3983":"\"","3984":" ","3985":"h","3986":"r","3987":"e","3988":"f","3989":"=","3990":"\\","3991":"\"","3992":"/","3993":"u","3994":"s","3995":"e","3996":"r","3997":"i","3998":"n","3999":"f","4000":"o","4001":"\\","4002":"\"","4003":">","4004":"\\","4005":"n","4006":" ","4007":" ","4008":" ","4009":" ","4010":" ","4011":" ","4012":" ","4013":" ","4014":" ","4015":" ","4016":" ","4017":" ","4018":" ","4019":" ","4020":" ","4021":" ","4022":"<","4023":"i","4024":"m","4025":"g","4026":" ","4027":"c","4028":"l","4029":"a","4030":"s","4031":"s","4032":"=","4033":"\\","4034":"\"","4035":"n","4036":"a","4037":"v","4038":"-","4039":"v","4040":"2","4041":"-","4042":"a","4043":"v","4044":"a","4045":"t","4046":"a","4047":"r","4048":"_","4049":"_","4050":"i","4051":"m","4052":"a","4053":"g","4054":"e","4055":"\\","4056":"\"","4057":" ","4058":"a","4059":"l","4060":"t","4061":"=","4062":"\\","4063":"\"","4064":"a","4065":"v","4066":"a","4067":"t","4068":"a","4069":"r","4070":"\\","4071":"\"","4072":" ","4073":":","4074":"s","4075":"r","4076":"c","4077":"=","4078":"\\","4079":"\"","4080":"a","4081":"v","4082":"a","4083":"t","4084":"a","4085":"r","4086":"P","4087":"a","4088":"t","4089":"h","4090":"\\","4091":"\"","4092":" ","4093":"/","4094":">","4095":"\\","4096":"n","4097":" ","4098":" ","4099":" ","4100":" ","4101":" ","4102":" ","4103":" ","4104":" ","4105":" ","4106":" ","4107":" ","4108":" ","4109":" ","4110":" ","4111":"<","4112":"/","4113":"a","4114":">","4115":"\\","4116":"n","4117":" ","4118":" ","4119":" ","4120":" ","4121":" ","4122":" ","4123":" ","4124":" ","4125":" ","4126":" ","4127":" ","4128":" ","4129":" ","4130":" ","4131":"<","4132":"d","4133":"i","4134":"v","4135":" ","4136":"c","4137":"l","4138":"a","4139":"s","4140":"s","4141":"=","4142":"\\","4143":"\"","4144":"n","4145":"a","4146":"v","4147":"-","4148":"v","4149":"2","4150":"-","4151":"p","4152":"r","4153":"o","4154":"f","4155":"i","4156":"l","4157":"e","4158":"\\","4159":"\"","4160":" ","4161":"d","4162":"a","4163":"t","4164":"a","4165":"-","4166":"n","4167":"a","4168":"v","4169":"-","4170":"v","4171":"2","4172":"-","4173":"p","4174":"r","4175":"o","4176":"f","4177":"i","4178":"l","4179":"e","4180":" ","4181":"d","4182":"a","4183":"t","4184":"a","4185":"-","4186":"n","4187":"a","4188":"v","4189":"-","4190":"e","4191":"v","4192":"e","4193":"n","4194":"t","4195":"-","4196":"c","4197":"a","4198":"t","4199":"e","4200":"g","4201":"o","4202":"r","4203":"y","4204":"=","4205":"\\","4206":"\"","4207":"P","4208":"r","4209":"o","4210":"f","4211":"i","4212":"l","4213":"e","4214":"\\","4215":"\"","4216":">","4217":"\\","4218":"n","4219":" ","4220":" ","4221":" ","4222":" ","4223":" ","4224":" ","4225":" ","4226":" ","4227":" ","4228":" ","4229":" ","4230":" ","4231":" ","4232":" ","4233":" ","4234":" ","4235":"<","4236":"d","4237":"i","4238":"v","4239":" ","4240":"c","4241":"l","4242":"a","4243":"s","4244":"s","4245":"=","4246":"\\","4247":"\"","4248":"n","4249":"a","4250":"v","4251":"-","4252":"v","4253":"2","4254":"-","4255":"p","4256":"r","4257":"o","4258":"f","4259":"i","4260":"l","4261":"e","4262":"_","4263":"_","4264":"w","4265":"r","4266":"a","4267":"p","4268":"p","4269":"e","4270":"r","4271":"\\","4272":"\"","4273":" ","4274":"d","4275":"a","4276":"t","4277":"a","4278":"-","4279":"n","4280":"a","4281":"v","4282":"-","4283":"v","4284":"2","4285":"-","4286":"p","4287":"r","4288":"o","4289":"f","4290":"i","4291":"l","4292":"e","4293":"-","4294":"w","4295":"r","4296":"a","4297":"p","4298":"p","4299":"e","4300":"r","4301":">","4302":"\\","4303":"n","4304":" ","4305":" ","4306":" ","4307":" ","4308":" ","4309":" ","4310":" ","4311":" ","4312":" ","4313":" ","4314":" ","4315":" ","4316":" ","4317":" ","4318":" ","4319":" ","4320":" ","4321":" ","4322":"<","4323":"a","4324":" ","4325":"c","4326":"l","4327":"a","4328":"s","4329":"s","4330":"=","4331":"\\","4332":"\"","4333":"n","4334":"a","4335":"v","4336":"-","4337":"v","4338":"2","4339":"-","4340":"u","4341":"s","4342":"e","4343":"r","4344":"\\","4345":"\"","4346":" ","4347":"t","4348":"i","4349":"t","4350":"l","4351":"e","4352":"=","4353":"\\","4354":"\"","4355":"O","4356":"p","4357":"e","4358":"n","4359":" ","4360":"p","4361":"r","4362":"o","4363":"f","4364":"i","4365":"l","4366":"e","4367":"\\","4368":"\"","4369":" ","4370":"d","4371":"a","4372":"t","4373":"a","4374":"-","4375":"n","4376":"a","4377":"v","4378":"-","4379":"e","4380":"v","4381":"e","4382":"n","4383":"t","4384":"-","4385":"c","4386":"l","4387":"i","4388":"c","4389":"k","4390":"e","4391":"d","4392":"=","4393":"\\","4394":"\"","4395":"P","4396":"r","4397":"o","4398":"f","4399":"i","4400":"l","4401":"e","4402":"\\","4403":"\"","4404":" ","4405":":","4406":"h","4407":"r","4408":"e","4409":"f","4410":"=","4411":"\\","4412":"\"","4413":"a","4414":"v","4415":"a","4416":"t","4417":"a","4418":"r","4419":"P","4420":"a","4421":"t","4422":"h","4423":"\\","4424":"\"","4425":">","4426":"\\","4427":"n","4428":" ","4429":" ","4430":" ","4431":" ","4432":" ","4433":" ","4434":" ","4435":" ","4436":" ","4437":" ","4438":" ","4439":" ","4440":" ","4441":" ","4442":" ","4443":" ","4444":" ","4445":" ","4446":" ","4447":" ","4448":"<","4449":"i","4450":"m","4451":"g","4452":" ","4453":"c","4454":"l","4455":"a","4456":"s","4457":"s","4458":"=","4459":"\\","4460":"\"","4461":"n","4462":"a","4463":"v","4464":"-","4465":"v","4466":"2","4467":"-","4468":"u","4469":"s","4470":"e","4471":"r","4472":"_","4473":"_","4474":"i","4475":"m","4476":"a","4477":"g","4478":"e","4479":"\\","4480":"\"","4481":" ","4482":"a","4483":"l","4484":"t","4485":"=","4486":"\\","4487":"\"","4488":"a","4489":"v","4490":"a","4491":"t","4492":"a","4493":"r","4494":"\\","4495":"\"","4496":" ","4497":"w","4498":"i","4499":"d","4500":"t","4501":"h","4502":"=","4503":"\\","4504":"\"","4505":"8","4506":"0","4507":"\\","4508":"\"","4509":" ","4510":"h","4511":"e","4512":"i","4513":"g","4514":"h","4515":"t","4516":"=","4517":"\\","4518":"\"","4519":"8","4520":"0","4521":"\\","4522":"\"","4523":" ","4524":":","4525":"s","4526":"r","4527":"c","4528":"=","4529":"\\","4530":"\"","4531":"a","4532":"v","4533":"a","4534":"t","4535":"a","4536":"r","4537":"P","4538":"a","4539":"t","4540":"h","4541":"\\","4542":"\"","4543":" ","4544":"/","4545":">","4546":"\\","4547":"n","4548":" ","4549":" ","4550":" ","4551":" ","4552":" ","4553":" ","4554":" ","4555":" ","4556":" ","4557":" ","4558":" ","4559":" ","4560":" ","4561":" ","4562":" ","4563":" ","4564":" ","4565":" ","4566":" ","4567":" ","4568":"<","4569":"d","4570":"i","4571":"v","4572":" ","4573":"c","4574":"l","4575":"a","4576":"s","4577":"s","4578":"=","4579":"\\","4580":"\"","4581":"n","4582":"a","4583":"v","4584":"-","4585":"v","4586":"2","4587":"-","4588":"u","4589":"s","4590":"e","4591":"r","4592":"_","4593":"_","4594":"n","4595":"a","4596":"m","4597":"e","4598":"\\","4599":"\"","4600":">","4601":"{","4602":"{","4603":" ","4604":"u","4605":"s","4606":"e","4607":"r","4608":".","4609":"u","4610":"s","4611":"e","4612":"r","4613":"n","4614":"a","4615":"m","4616":"e","4617":" ","4618":"}","4619":"}","4620":"<","4621":"/","4622":"d","4623":"i","4624":"v","4625":">","4626":"\\","4627":"n","4628":" ","4629":" ","4630":" ","4631":" ","4632":" ","4633":" ","4634":" ","4635":" ","4636":" ","4637":" ","4638":" ","4639":" ","4640":" ","4641":" ","4642":" ","4643":" ","4644":" ","4645":" ","4646":"<","4647":"/","4648":"a","4649":">","4650":"\\","4651":"n","4652":" ","4653":" ","4654":" ","4655":" ","4656":" ","4657":" ","4658":" ","4659":" ","4660":" ","4661":" ","4662":" ","4663":" ","4664":" ","4665":" ","4666":" ","4667":" ","4668":" ","4669":" ","4670":"<","4671":"d","4672":"i","4673":"v","4674":" ","4675":"c","4676":"l","4677":"a","4678":"s","4679":"s","4680":"=","4681":"\\","4682":"\"","4683":"n","4684":"a","4685":"v","4686":"-","4687":"v","4688":"2","4689":"-","4690":"s","4691":"e","4692":"s","4693":"s","4694":"i","4695":"o","4696":"n","4697":"s","4698":"\\","4699":"\"","4700":">","4701":"\\","4702":"n","4703":" ","4704":" ","4705":" ","4706":" ","4707":" ","4708":" ","4709
[...]
:" ","4776":"i","4777":"t","4778":"s","4779":" ","4780":"b","4781":"e","4782":"a","4783":"c","4784":"h","4785":"e","4786":"s","4787":" ","4788":"a","4789":"n","4790":"d","4791":" ","4792":"s","4793":"a","4794":"n","4795":"d","4796":"b","4797":"a","4798":"r","4799":".","4800":"'","4801":"}","4802":",","4803":"\\","4804":"r","4805":"\\","4806":"n","4807":"\\","4808":"r","4809":"\\","4810":"n","4811":" ","4812":" ","4813":" ","4814":" ","4815":" ","4816":" ","4817":" ","4818":" ","4819":"{","4820":" ","4821":"i","4822":"d","4823":":","4824":" ","4825":"4","4826":",","4827":" ","4828":"t","4829":"i","4830":"t","4831":"l","4832":"e","4833":":","4834":" ","4835":"'","4836":"F","4837":"u","4838":"l","4839":"i","4840":"d","4841":"h","4842":"o","4843":"o","4844":" ","4845":"I","4846":"s","4847":"l","4848":"a","4849":"n","4850":"d","4851":" ","4852":"G","4853":"u","4854":"i","4855":"d","4856":"e","4857":":","4858":" ","4859":"S","4860":"h","4861":"a","4862":"r","4863":"k","4864":" ","4865":"&","4866":" ","4867":"S","4868":"t","4869":"i","4870":"n","4871":"g","4872":"r","4873":"a","4874":"y","4875":" ","4876":"B","4877":"e","4878":"a","4879":"c","4880":"h","4881":" ","4882":"I","4883":"n","4884":" ","4885":"M","4886":"a","4887":"l","4888":"d","4889":"i","4890":"v","4891":"e","4892":"s","4893":"'","4894":",","4895":" ","4896":"c","4897":"o","4898":"v","4899":"e","4900":"r","4901":":","4902":" ","4903":"'","4904":"c","4905":"o","4906":"v","4907":"e","4908":"r","4909":"3","4910":".","4911":"p","4912":"n","4913":"g","4914":"'","4915":" ","4916":",","4917":"\\","4918":"r","4919":"\\","4920":"n","4921":" ","4922":" ","4923":" ","4924":" ","4925":" ","4926":" ","4927":" ","4928":" ","4929":"c","4930":"o","4931":"n","4932":"t","4933":"e","4934":"n","4935":"t","4936":":","4937":"'","4938":"F","4939":"u","4940":"l","4941":"i","4942":"d","4943":"h","4944":"o","4945":"o","4946":" ","4947":"i","4948":"s","4949":" ","4950":"a","4951":" ","4952":"s","4953":"m","4954":"a","4955":"l","4956":"l","4957":",","4958":" ","4959":"b","4960":"u","4961":"d","4962":"g","4963":"e","4964":"t","4965":"-","4966":"f","4967":"r","4968":"i","4969":"e","4970":"n","4971":"d","4972":"l","4973":"y","4974":" ","4975":"l","4976":"o","4977":"c","4978":"a","4979":"l","4980":" ","4981":"i","4982":"s","4983":"l","4984":"a","4985":"n","4986":"d","4987":" ","4988":"w","4989":"e","4990":" ","4991":"v","4992":"i","4993":"s","4994":"i","4995":"t","4996":"e","4997":"d","4998":" ","4999":"r","5000":"e","5001":"c","5002":"e","5003":"n","5004":"t","5005":"l","5006":"y","5007":" ","5008":"i","5009":"n","5010":" ","5011":"t","5012":"h","5013":"e","5014":" ","5015":"M","5016":"a","5017":"l","5018":"d","5019":"i","5020":"v","5021":"e","5022":"s","5023":",","5024":" ","5025":"a","5026":"l","5027":"o","5028":"n","5029":"g","5030":" ","5031":"w","5032":"i","5033":"t","5034":"h","5035":" ","5036":"D","5037":"h","5038":"i","5039":"g","5040":"u","5041":"r","5042":"a","5043":"h","5044":" ","5045":"i","5046":"s","5047":"l","5048":"a","5049":"n","5050":"d","5051":",","5052":" ","5053":"w","5054":"h","5055":"i","5056":"c","5057":"h","5058":" ","5059":"w","5060":"e","5061":" ","5062":"l","5063":"o","5064":"v","5065":"e","5066":"d","5067":" ","5068":"f","5069":"o","5070":"r","5071":" ","5072":"i","5073":"t","5074":"s","5075":" ","5076":"b","5077":"e","5078":"a","5079":"c","5080":"h","5081":"e","5082":"s","5083":" ","5084":"a","5085":"n","5086":"d","5087":" ","5088":"s","5089":"a","5090":"n","5091":"d","5092":"b","5093":"a","5094":"r","5095":".","5096":"'","5097":"}","5098":",","5099":"\\","5100":"r","5101":"\\","5102":"n","5103":" ","5104":" ","5105":" ","5106":" ","5107":" ","5108":" ","5109":" ","5110":" ","5111":"{","5112":" ","5113":"i","5114":"d","5115":":","5116":" ","5117":"5","5118":",","5119":" ","5120":"t","5121":"i","5122":"t","5123":"l","5124":"e","5125":":","5126":" ","5127":"'","5128":"H","5129":"o","5130":"w","5131":" ","5132":"T","5133":"o","5134":" ","5135":"V","5136":"i","5137":"s","5138":"i","5139":"t","5140":" ","5141":"D","5142":"h","5143":"i","5144":"g","5145":"u","5146":"r","5147":"a","5148":"h","5149":" ","5150":"I","5151":"s","5152":"l","5153":"a","5154":"n","5155":"d","5156":":","5157":" ","5158":"B","5159":"u","5160":"d","5161":"g","5162":"e","5163":"t","5164":" ","5165":"P","5166":"a","5167":"r","5168":"a","5169":"d","5170":"i","5171":"s","5172":"e","5173":" ","5174":"I","5175":"n","5176":" ","5177":"M","5178":"a","5179":"l","5180":"d","5181":"i","5182":"v","5183":"e","5184":"s","5185":"'","5186":",","5187":" ","5188":"c","5189":"o","5190":"v","5191":"e","5192":"r","5193":":","5194":" ","5195":"'","5196":"c","5197":"o","5198":"v","5199":"e","5200":"r","5201":"2","5202":".","5203":"p","5204":"n","5205":"g","5206":"'","5207":" ","5208":",","5209":"\\","5210":"r","5211":"\\","5212":"n","5213":" ","5214":" ","5215":" ","5216":" ","5217":" ","5218":" ","5219":" ","5220":" ","5221":"c","5222":"o","5223":"n","5224":"t","5225":"e","5226":"n","5227":"t","5228":":","5229":"'","5230":"F","5231":"u","5232":"l","5233":"i","5234":"d","5235":"h","5236":"o","5237":"o","5238":" ","5239":"i","5240":"s","5241":" ","5242":"a","5243":" ","5244":"s","5245":"m","5246":"a","5247":"l","5248":"l","5249":",","5250":" ","5251":"b","5252":"u","5253":"d","5254":"g","5255":"e","5256":"t","5257":"-","5258":"f","5259":"r","5260":"i","5261":"e","5262":"n","5263":"d","5264":"l","5265":"y","5266":" ","5267":"l","5268":"o","5269":"c","5270":"a","5271":"l","5272":" ","5273":"i","5274":"s","5275":"l","5276":"a","5277":"n","5278":"d","5279":" ","5280":"w","5281":"e","5282":" ","5283":"v","5284":"i","5285":"s","5286":"i","5287":"t","5288":"e","5289":"d","5290":" ","5291":"r","5292":"e","5293":"c","5294":"e","5295":"n","5296":"t","5297":"l","5298":"y","5299":" ","5300":"i","5301":"n","5302":" ","5303":"t","5304":"h","5305":"e","5306":" ","5307":"M","5308":"a","5309":"l","5310":"d","5311":"i","5312":"v","5313":"e","5314":"s","5315":",","5316":" ","5317":"a","5318":"l","5319":"o","5320":"n","5321":"g","5322":" ","5323":"w","5324":"i","5325":"t","5326":"h","5327":" ","5328":"D","5329":"h","5330":"i","5331":"g","5332":"u","5333":"r","5334":"a","5335":"h","5336":" ","5337":"i","5338":"s","5339":"l","5340":"a","5341":"n","5342":"d","5343":",","5344":" ","5345":"w","5346":"h","5347":"i","5348":"c","5349":"h","5350":" ","5351":"w","5352":"e","5353":" ","5354":"l","5355":"o","5356":"v","5357":"e","5358":"d","5359":" ","5360":"f","5361":"o","5362":"r","5363":" ","5364":"i","5365":"t","5366":"s","5367":" ","5368":"b","5369":"e","5370":"a","5371":"c","5372":"h","5373":"e","5374":"s","5375":" ","5376":"a","5377":"n","5378":"d","5379":" ","5380":"s","5381":"a","5382":"n","5383":"d","5384":"b","5385":"a","5386":"r","5387":".","5388":"'","5389":"}","5390":",","5391":"\\","5392":"r","5393":"\\","5394":"n","5395":" ","5396":" ","5397":" ","5398":" ","5399":" ","5400":" ","5401":" ","5402":" ","5403":"{","5404":" ","5405":"i","5406":"d","5407":":","5408":" ","5409":"6","5410":",","5411":" ","5412":"t","5413":"i","5414":"t","5415":"l","5416":"e","5417":":","5418":" ","5419":"'","5420":"1","5421":"0","5422":" ","5423":"B","5424":"e","5425":"s","5426":"t","5427":" ","5428":"H","5429":"i","5430":"k","5431":"e","5432":"s","5433":" ","5434":"I","5435":"n","5436":" ","5437":"A","5438":"r","5439":"u","5440":"b","5441":"a","5442":":","5443":" ","5444":"F","5445":"a","5446":"m","5447":"i","5448":"l","5449":"y","5450":" ","5451":"F","5452":"r","5453":"i","5454":"e","5455":"n","5456":"d","5457":"l","5458":"y","5459":" ","5460":"T","5461":"r","5462":"a","5463":"i","5464":"l","5465":"s","5466":"'","5467":",","5468":" ","5469":"c","5470":"o","5471":"v","5472":"e","5473":"r","5474":":","5475":" ","5476":"'","5477":"c","5478":"o","5479":"v","5480":"e","5481":"r","5482":"1","5483":".","5484":"p","5485":"n","5486":"g","5487":"'","5488":" ","5489":",","5490":"\\","5491":"r","5492":"\\","5493":"n","5494":" ","5495":" ","5496":" ","5497":" ","5498":" ","5499":" ","5500":" ","5501":" ","5502":"c","5503":"o","5504":"n","5505":"t","5506":"e","5507":"n","5508":"t","5509":":","5510":"'","5511":"F","5512":"u","5513":"l","5514":"i","5515":"d","5516":"h","5517":"o","5518":"o","5519":" ","5520":"i","5521":"s","5522":" ","5523":"a","5524":" ","5525":"s","5526":"m","5527":"a","5528":"l","5529":"l","5530":",","5531":" ","5532":"b","5533":"u","5534":"d","5535":"g","5536":"e","5537":"t","5538":"-","5539":"f","5540":"r","5541":"i","5542":"e","5543":"n","5544":"d","5545":"l","5546":"y","5547":" ","5548":"l","5549":"o","5550":"c","5551":"a","5552":"l","5553":" ","5554":"i","5555":"s","5556":"l","5557":"a","5558":"n","5559":"d","5560":" ","5561":"w","5562":"e","5563":" ","5564":"v","5565":"i","5566":"s","5567":"i","5568":"t","5569":"e","5570":"d","5571":" ","5572":"r","5573":"e","5574":"c","5575":"e","5576":"n","5577":"t","5578":"l","5579":"y","5580":" ","5581":"i","5582":"n","5583":" ","5584":"t","5585":"h","5586":"e","5587":" ","5588":"M","5589":"a","5590":"l","5591":"d","5592":"i","5593":"v","5594":"e","5595":"s","5596":",","5597":" ","5598":"a","5599":"l","5600":"o","5601":"n","5602":"g","5603":" ","5604":"w","5605":"i","5606":"t","5607":"h","5608":" ","5609":"D","5610":"h","5611":"i","5612":"g","5613":"u","5614":"r","5615":"a","5616":"h","5617":" ","5618":"i","5619":"s","5620":"l","5621":"a","5622":"n","5623":"d","5624":",","5625":" ","5626":"w","5627":"h","5628":"i","5629":"c","5630":"h","5631":" ","5632":"w","5633":"e","5634":" ","5635":"l","5636":"o","5637":"v","5638":"e","5639":"d","5640":" ","5641":"f","5642":"o","5643":"r","5644":" ","5645":"i","5646":"t","5647":"s","5648":" ","5649":"b","5650":"e","5651":"a","5652":"c","5653":"h","5654":"e","5655":"s","5656":" ","5657":"a","5658":"n","5659":"d","5660":" ","5661":"s","5662":"a","5663":"n","5664":"d","5665":"b","5666":"a","5667":"r","5668":".","5669":"'","5670":"}","5671":",","5672":"\\","5673":"r","5674":"\\","5675":"n","5676":" ","5677":" ","5678":" ","5679":" ","5680":" ","5681":" ","5682":" ","5683":" ","5684":"/","5685":"/","5686":" ","5687":"更","5688":"多","5689":"博","5690":"客","5691":".","5692":".","5693":".","5694":"\\","5695":"r","5696":"\\","5697":"n","5698":" ","5699":" ","5700":" ","5701":" ","5702":" ","5703":" ","5704":"]","5705":",","5706":"\\","5707":"r","5708":"\\","5709":"n","5710":" ","5711":" ","5712":" ","5713":" ","5714":" ","5715":" ","5716":"c","5717":"u","5718":"r","5719":"r","5720":"e","5721":"n","5722":"t","5723":"P","5724":"a","5725":"g","5726":"e","5727":":","5728":" ","5729":"1","5730":",","5731":"\\","5732":"r","5733":"\\","5734":"n","5735":" ","5736":" ","5737":" ","5738":" ","5739":" ","5740":" ","5741":"p","5742":"a","5743":"g","5744":"e","5745":"S","5746":"i","5747":"z","5748":"e","5749":":","5750":" ","5751":"3","5752":"\\","5753":"r","5754":"\\","5755":"n","5756":" ","5757":" ","5758":" ","5759":" ","5760":"}","5761":";","5762":"\\","5763":"r","5764":"\\","5765":"n","5766":" ","5767":" ","5768":"}","5769":",","5770":"\\","5771":"r","5772":"\\","5773":"n","5774":" ","5775":" ","5776":"c","5777":"r","5778":"e","5779":"a","5780":"t","5781":"e","5782":"d","5783":"(","5784":")","5785":" ","5786":"{","5787":"\\","5788":"r","5789":"\\","5790":"n","5791":"\\","5792":"r","5793":"\\","5794":"n","5795":" ","5796":" ","5797":"}","5798":",","5799":"\\","5800":"r","5801":"\\","5802":"n","5803":" ","5804":" ","5805":"m","5806":"e","5807":"t","5808":"h","5809":"o","5810":"d","5811":"s","5812":":","5813":"{","5814":"\\","5815":"r","5816":"\\","5817":"n","5818":" ","5819":" ","5820":" ","5821":" ","5822":"g","5823":"e","5824":"t","5825":"C","5826":"o","5827":"v","5828":"e","5829":"r","5830":"(","5831":"c","5832":"o","5833":"v","5834":"e","5835":"r","5836":")","5837":" ","5838":"{","5839":"\\","5840":"r","5841":"\\","5842":"n","5843":" ","5844":" ","5845":" ","5846":" ","5847":" ","5848":" ","5849":"r","5850":"e","5851":"t","5852":"u","5853":"r","5854":"n","5855":" ","5856":"r","5857":"e","5858":"q","5859":"u","5860":"i","5861":"r","5862":"e","5863":"(","5864":"`","5865":"@","5866":"/","5867":"a","5868":"s","5869":"s","5870":"e","5871":"t","5872":"s","5873":"/","5874":"i","5875":"m","5876":"a","5877":"g","5878":"e","5879":"s","5880":"/","5881":"$","5882":"{","5883":"c","5884":"o","5885":"v","5886":"e","5887":"r","5888":"}","5889":"`","5890":")","5891":";","5892":"\\","5893":"r","5894":"\\","5895":"n","5896":" ","5897":" ","5898":" ","5899":" ","5900":"}","5901":",","5902":"\\","5903":"r","5904":"\\","5905":"n","5906":" ","5907":" ","5908":" ","5909":" ","5910":"p","5911":"r","5912":"e","5913":"v","5914":"p","5915":"a","5916":"g","5917":"e","5918":"(","5919":")","5920":" ","5921":"{","5922":"\\","5923":"r","5924":"\\","5925":"n","5926":" ","5927":" ","5928":" ","5929":" ","5930":" ","5931":" ","5932":"i","5933":"f","5934":" ","5935":"(","5936":"t","5937":"h","5938":"i","5939":"s","5940":".","5941":"c","5942":"u","5943":"r","5944":"r","5945":"e","5946":"n","5947":"t","5948":"P","5949":"a","5950":"g","5951":"e","5952":" ","5953":">","5954":" ","5955":"1","5956":")","5957":" ","5958":"{","5959":"\\","5960":"r","5961":"\\","5962":"n","5963":" ","5964":" ","5965":" ","5966":" ","5967":" ","5968":" ","5969":" ","5970":" ","5971":"t","5972":"h","5973":"i","5974":"s","5975":".","5976":"c","5977":"u","5978":"r","5979":"r","5980":"e","5981":"n","5982":"t","5983":"P","5984":"a","5985":"g","5986":"e","5987":"-","5988":"-","5989":";","5990":"\\","5991":"r","5992":"\\","5993":"n","5994":" ","5995":" ","5996":" ","5997":" ","5998":" ","5999":" ","6000":"}","6001":"\\","6002":"r","6003":"\\","6004":"n","6005":" ","6006":" ","6007":" ","6008":" ","6009":"}","6010":",","6011":"\\","6012":"r","6013":"\\","6014":"n","6015":" ","6016":" ","6017":" ","6018":" ","6019":"n","6020":"e","6021":"x","6022":"t","6023":"p","6024":"a","6025":"g","6026":"e","6027":"(","6028":")","6029":" ","6030":"{","6031":"\\","6032":"r","6033":"\\","6034":"n","6035":" ","6036":" ","6037":" ","6038":" ","6039":" ","6040":" ","6041":"i","6042":"f","6043":" ","6044":"(","6045":"t","6046":"h","6047":"i","6048":"s","6049":".","6050":"c","6051":"u","6052":"r","6053":"r","6054":"e","6055":"n","6056":"t","6057":"P","6058":"a","6059":"g","6060":"e","6061":" ","6062":"<","6063":" ","6064":"t","6065":"h","6066":"i","6067":"s","6068":".","6069":"t","6070":"o","6071":"t","6072":"a","6073":"l","6074":"P","6075":"a","6076":"g","6077":"e","6078":"s","6079":")","6080":" ","6081":"{","6082":"\\","6083":"r","6084":"\\","6085":"n","6086":" ","6087":" ","6088":" ","6089":" ","6090":" ","6091":" ","6092":" ","6093":" ","6094":"t","6095":"h","6096":"i","6097":"s","6098":".","6099":"c","6100":"u","6101":"r","6102":"r","6103":"e","6104":"n","6105":"t","6106":"P","6107":"a","6108":"g","6109":"e","6110":"+","6111":"+","6112":";","6113":"\\","6114":"r","6115":"\\","6116":"n","6117":" ","6118":" ","6119":" ","6120":" ","6121":" ","6122":" ","6123":"}","6124":"\\","6125":"r","6126":"\\","6127":"n","6128":" ","6129":" ","6130":" ","6131":" ","6132":"}","6133":"\\","6134":"r","6135":"\\","6136":"n","6137":"}","6138":",","6139":"\\","6140":"r","6141":"\\","6142":"n","6143":"c","6144":"o","6145":"m","6146":"p","6147":"u","6148":"t","6149":"e","6150":"d","6151":":","6152":" ","6153":"{","6154":"\\","6155":"r","6156":"\\","6157":"n","6158":" ","6159":" ","6160":" ","6161":" ","6162":"t","6163":"o","6164":"t","6165":"a","6166":"l","6167":"I","6168":"t","6169":"e","6170":"m","6171":"s","6172":"(","6173":")","6174":" ","6175":"{","6176":"\\","6177":"r","6178":"\\","6179":"n","6180":" ","6181":" ","6182":" ","6183":" ","6184":" ","6185":" ","6186":"r","6187":"e","6188":"t","6189":"u","6190":"r","6191":"n","6192":" ","6193":"t","6194":"h","6195":"i","6196":"s","6197":".","6198":"b","6199":"l","6200":"o","6201":"g","6202":"s","6203":".","6204":"l","6205":"e","6206":"n","6207":"g","6208":"t","6209":"h","6210":";","6211":"\\","6212":"r","6213":"\\","6214":"n","6215":" ","6216":" ","6217":" ","6218":" ","6219":"}","6220":",","6221":"\\","6222":"r","6223":"\\","6224":"n","6225":" ","6226":" ","6227":" ","6228":" ","6229":"t","6230":"o","6231":"t","6232":"a","6233":"l","6234":"P","6235":"a","6236":"g","6237":"e","6238":"s","6239":"(","6240":")","6241":" ","6242":"{","6243":"\\","6244":"r","6245":"\\","6246":"n","6247":" ","6248":" ","6249":" ","6250":" ","6251":" ","6252":" ","6253":"r","6254":"e","6255":"t","6256":"u","6257":"r","6258":"n","6259":" ","6260":"M","6261":"a","6262":"t","6263":"h","6264":".","6265":"c","6266":"e","6267":"i","6268":"l","6269":"(","6270":"t","6271":"h","6272":"i","6273":"s","6274":".","6275":"t","6276":"o","6277":"t","6278":"a","6279":"l","6280":"I","6281":"t","6282":"e","6283":"m","6284":"s","6285":" ","6286":"/","6287":" ","6288":"t","6289":"h","6290":"i","6291":"s","6292":".","6293":"p","6294":"a","6295":"g","6296":"e","6297":"S","6298":"i","6299":"z","6300":"e","6301":")","6302":";","6303":"\\","6304":"r","6305":"\\","6306":"n","6307":" ","6308":" ","6309":" ","6310":" ","6311":"}","6312":",","6313":"\\","6314":"r","6315":"\\","6316":"n","6317":" ","6318":" ","6319":" ","6320":" ","6321":"p","6322":"a","6323":"g","6324":"i","6325":"n","6326":"a","6327":"t","6328":"e","6329":"d","6330":"B","6331":"l","6332":"o","6333":"g","6334":"s","6335":"(","6336":")","6337":" ","6338":"{","6339":"\\","6340":"r","6341":"\\","6342":"n","6343":" ","6344":" ","6345":" ","6346":" ","6347":" ","6348":" ","6349":"c","6350":"o","6351":"n","6352":"s","6353":"t","6354":" ","6355":"s","6356":"t","6357":"a","6358":"r","6359":"t","6360":" ","6361":"=","6362":" ","6363":"(","6364":"t","6365":"h","6366":"i","6367":"s","6368":".","6369":"c","6370":"u","6371":"r","6372":"r","6373":"e","6374":"n","6375":"t","6376":"P","6377":"a","6378":"g","6379":"e","6380":" ","6381":"-","6382":" ","6383":"1","6384":")","6385":" ","6386":"*","6387":" ","6388":"t","6389":"h","6390":"i","6391":"s","6392":".","6393":"p","6394":"a","6395":"g","6396":"e","6397":"S","6398":"i","6399":"z","6400":"e","6401":";","6402":"\\","6403":"r","6404":"\\","6405":"n","6406":" ","6407":" ","6408":" ","6409":" ","6410":" ","6411":" ","6412":"c","6413":"o","6414":"n","6415":"s","6416":"t","6417":" ","6418":"e","6419":"n","6420":"d","6421":" ","6422":"=","6423":" ","6424":"s","6425":"t","6426":"a","6427":"r","6428":"t","6429":" ","6430":"+","6431":" ","6432":"t","6433":"h","6434":"i","6435":"s","6436":".","6437":"p","6438":"a","6439":"g","6440":"e","6441":"S","6442":"i","6443":"z","6444":"e","6445":";","6446":"\\","6447":"r","6448":"\\","6449":"n","6450":" ","6451":" ","6452":" ","6453":" ","6454":" ","6455":" ","6456":"r","6457":"e","6458":"t","6459":"u","6460":"r","6461":"n","6462":" ","6463":"t","6464":"h","6465":"i","6466":"s","6467":".","6468":"b","6469":"l","6470":"o","6471":"g","6472":"s","6473":".","6474":"s","6475":"l","6476":"i","6477":"c","6478":"e","6479":"(","6480":"s","6481":"t","6482":"a","6483":"r","6484":"t","6485":",","6486":" ","6487":"e","6488":"n","6489":"d","6490":")","6491":";","6492":"\\","6493":"r","6494":"\\","6495":"n","6496":" ","6497":" ","6498":" ","6499":" ","6500":"}","6501":"\\","6502":"r","6503":"\\","6504":"n","6505":" ","6506":" ","6507":"}","6508":"\\","6509":"r","6510":"\\","6511":"n","6512":"}","6513":"\\","6514":"r","6515":"\\","6516":"n","6517":" ","6518":" ","6519":"\\","6520":"r","6521":"\\","6522":"n","6523":"<","6524":"/","6525":"s","6526":"c","6527":"r","6528":"i","6529":"p","6530":"t","6531":">","6532":"\\","6533":"r","6534":"\\","6535":"n","6536":"\"","6537":"]","6538":"}"},"_coverageSchema":"1a1c01bbd47fc00a2c39e90264f33305004495a9","hash":"90bb79eb7eefccd26cc8fa4f84154322bfb4dd84"}
,"F:\\Web_Project\\WanderWall\\wanderwall-vue\\tests\\mockVideo.js": {"path":"F:\\Web_Project\\WanderWall\\wanderwall-vue\\tests\\mockVideo.js","statementMap":{"0":{"start":{"line":1,"column":0},"end":{"line":1,"column":20}}},"fnMap":{},"branchMap":{},"s":{"0":1},"f":{},"b":{},"_coverageSchema":"1a1c01bbd47fc00a2c39e90264f33305004495a9","hash":"b275d26da5fe567140405e2e027e9bcd34ccd3b3"}
}
