TN:
SF:src\assets\gallery\001.png
FNF:0
FNH:0
DA:1,1
LF:1
LH:1
BRF:0
BRH:0
end_of_record
TN:
SF:src\assets\gallery\002.png
FNF:0
FNH:0
DA:1,1
LF:1
LH:1
BRF:0
BRH:0
end_of_record
TN:
SF:src\assets\gallery\003.png
FNF:0
FNH:0
DA:1,1
LF:1
LH:1
BRF:0
BRH:0
end_of_record
TN:
SF:src\assets\gallery\004.png
FNF:0
FNH:0
DA:1,1
LF:1
LH:1
BRF:0
BRH:0
end_of_record
TN:
SF:src\assets\gallery\005.png
FNF:0
FNH:0
DA:1,1
LF:1
LH:1
BRF:0
BRH:0
end_of_record
TN:
SF:src\assets\gallery\006.png
FNF:0
FNH:0
DA:1,1
LF:1
LH:1
BRF:0
BRH:0
end_of_record
TN:
SF:src\assets\gallery\007.png
FNF:0
FNH:0
DA:1,1
LF:1
LH:1
BRF:0
BRH:0
end_of_record
TN:
SF:src\assets\gallery\008.png
FNF:0
FNH:0
DA:1,1
LF:1
LH:1
BRF:0
BRH:0
end_of_record
TN:
SF:src\assets\gallery\009.png
FNF:0
FNH:0
DA:1,1
LF:1
LH:1
BRF:0
BRH:0
end_of_record
TN:
SF:src\assets\gallery\010.png
FNF:0
FNH:0
DA:1,1
LF:1
LH:1
BRF:0
BRH:0
end_of_record
TN:
SF:src\assets\gallery\011.png
FNF:0
FNH:0
DA:1,1
LF:1
LH:1
BRF:0
BRH:0
end_of_record
TN:
SF:src\assets\gallery\012.png
FNF:0
FNH:0
DA:1,1
LF:1
LH:1
BRF:0
BRH:0
end_of_record
TN:
SF:src\assets\gallery\013.png
FNF:0
FNH:0
DA:1,1
LF:1
LH:1
BRF:0
BRH:0
end_of_record
TN:
SF:src\assets\gallery\014.png
FNF:0
FNH:0
DA:1,1
LF:1
LH:1
BRF:0
BRH:0
end_of_record
TN:
SF:src\assets\gallery\015.png
FNF:0
FNH:0
DA:1,1
LF:1
LH:1
BRF:0
BRH:0
end_of_record
TN:
SF:src\assets\gallery\016.png
FNF:0
FNH:0
DA:1,1
LF:1
LH:1
BRF:0
BRH:0
end_of_record
TN:
SF:src\assets\gallery\017.png
FNF:0
FNH:0
DA:1,1
LF:1
LH:1
BRF:0
BRH:0
end_of_record
TN:
SF:src\assets\gallery\018.png
FNF:0
FNH:0
DA:1,1
LF:1
LH:1
BRF:0
BRH:0
end_of_record
TN:
SF:src\assets\gallery\019.png
FNF:0
FNH:0
DA:1,1
LF:1
LH:1
BRF:0
BRH:0
end_of_record
TN:
SF:src\assets\gallery\020.png
FNF:0
FNH:0
DA:1,1
LF:1
LH:1
BRF:0
BRH:0
end_of_record
TN:
SF:src\assets\images\cover1.png
FNF:0
FNH:0
DA:1,1
LF:1
LH:1
BRF:0
BRH:0
end_of_record
TN:
SF:src\assets\images\cover2.png
FNF:0
FNH:0
DA:1,1
LF:1
LH:1
BRF:0
BRH:0
end_of_record
TN:
SF:src\assets\images\cover3.png
FNF:0
FNH:0
DA:1,1
LF:1
LH:1
BRF:0
BRH:0
end_of_record
TN:
SF:src\components\Footer.vue
FN:48,render
FNF:1
FNH:0
FNDA:0,render
DA:4,1
DA:7,1
DA:8,1
DA:11,1
DA:13,1
DA:14,1
DA:17,1
DA:18,1
DA:19,1
DA:20,1
DA:34,1
DA:40,1
DA:41,1
DA:42,1
DA:49,0
DA:50,1
LF:16
LH:15
BRF:0
BRH:0
end_of_record
TN:
SF:src\components\Header.vue
FN:14,(anonymous_0)
FN:23,(anonymous_1)
FN:27,(anonymous_2)
FN:31,(anonymous_3)
FN:34,(anonymous_4)
FN:37,(anonymous_5)
FN:201,render
FN:250,(anonymous_7)
FNF:8
FNH:0
FNDA:0,(anonymous_0)
FNDA:0,(anonymous_1)
FNDA:0,(anonymous_2)
FNDA:0,(anonymous_3)
FNDA:0,(anonymous_4)
FNDA:0,(anonymous_5)
FNDA:0,render
FNDA:0,(anonymous_7)
DA:4,4
DA:7,4
DA:8,4
DA:15,0
DA:24,0
DA:28,0
DA:32,0
DA:35,0
DA:39,0
DA:40,0
DA:44,4
DA:46,4
DA:47,4
DA:50,4
DA:51,4
DA:52,4
DA:53,4
DA:59,4
DA:70,4
DA:77,4
DA:88,4
DA:91,4
DA:105,4
DA:113,4
DA:119,4
DA:120,4
DA:126,4
DA:127,4
DA:133,4
DA:134,4
DA:140,4
DA:141,4
DA:147,4
DA:148,4
DA:154,4
DA:155,4
DA:159,4
DA:163,4
DA:167,4
DA:168,4
DA:171,4
DA:176,4
DA:177,4
DA:182,4
DA:186,4
DA:187,4
DA:188,4
DA:191,4
DA:194,4
DA:197,4
DA:198,4
DA:202,0
DA:250,0
DA:252,4
LF:54
LH:45
BRDA:17,0,0,0
BRDA:17,0,1,0
BRDA:232,1,0,0
BRDA:232,1,1,0
BRDA:250,2,0,0
BRDA:250,2,1,0
BRDA:250,3,0,0
BRDA:250,3,1,0
BRF:8
BRH:0
end_of_record
TN:
SF:src\views\Gallery.vue
FN:327,render
FN:343,(anonymous_1)
FN:347,(anonymous_2)
FN:348,(anonymous_3)
FN:358,(anonymous_4)
FN:362,(anonymous_5)
FN:363,(anonymous_6)
FN:371,(anonymous_7)
FN:372,(anonymous_8)
FN:380,(anonymous_9)
FN:381,(anonymous_10)
FN:389,(anonymous_11)
FN:402,(anonymous_12)
FN:410,(anonymous_13)
FN:415,(anonymous_14)
FN:420,(anonymous_15)
FN:423,(anonymous_16)
FN:425,(anonymous_17)
FN:426,(anonymous_18)
FNF:19
FNH:5
FNDA:2,render
FNDA:2,(anonymous_1)
FNDA:2,(anonymous_2)
FNDA:2,(anonymous_3)
FNDA:0,(anonymous_4)
FNDA:0,(anonymous_5)
FNDA:0,(anonymous_6)
FNDA:0,(anonymous_7)
FNDA:0,(anonymous_8)
FNDA:0,(anonymous_9)
FNDA:0,(anonymous_10)
FNDA:40,(anonymous_11)
FNDA:0,(anonymous_12)
FNDA:0,(anonymous_13)
FNDA:0,(anonymous_14)
FNDA:0,(anonymous_15)
FNDA:0,(anonymous_16)
FNDA:0,(anonymous_17)
FNDA:0,(anonymous_18)
DA:4,1
DA:5,1
DA:8,1
DA:9,1
DA:285,1
DA:287,1
DA:290,1
DA:291,1
DA:292,1
DA:299,1
DA:302,1
DA:303,1
DA:306,1
DA:309,1
DA:312,1
DA:315,1
DA:318,1
DA:321,1
DA:324,1
DA:328,2
DA:329,2
DA:330,2
DA:331,2
DA:332,2
DA:333,2
DA:334,2
DA:335,2
DA:336,2
DA:337,2
DA:338,2
DA:339,2
DA:343,2
DA:347,2
DA:348,2
DA:358,0
DA:362,0
DA:363,0
DA:371,0
DA:372,0
DA:380,0
DA:381,0
DA:390,40
DA:403,0
DA:410,0
DA:415,0
DA:420,0
DA:423,0
DA:425,0
DA:426,0
DA:432,1
LF:50
LH:36
BRDA:339,0,0,2
BRDA:339,0,1,0
BRDA:387,1,0,2
BRDA:387,1,1,0
BRDA:400,2,0,0
BRDA:400,2,1,2
BRDA:406,3,0,0
BRDA:406,3,1,0
BRDA:411,4,0,0
BRDA:411,4,1,0
BRF:10
BRH:3
end_of_record
TN:
SF:src\views\HomeView.vue
FN:94,render
FN:99,(anonymous_1)
FNF:2
FNH:1
FNDA:1,render
FNDA:0,(anonymous_1)
DA:4,1
DA:5,1
DA:8,1
DA:9,1
DA:38,1
DA:40,1
DA:41,1
DA:44,1
DA:45,1
DA:46,1
DA:47,1
DA:48,1
DA:49,1
DA:50,1
DA:51,1
DA:52,1
DA:55,1
DA:63,1
DA:66,1
DA:69,1
DA:72,1
DA:73,1
DA:74,1
DA:77,1
DA:93,1
DA:95,1
DA:96,1
DA:97,1
DA:99,0
DA:101,1
LF:30
LH:29
BRDA:99,0,0,1
BRDA:99,0,1,1
BRDA:99,1,0,0
BRDA:99,1,1,0
BRF:4
BRH:2
end_of_record
TN:
SF:src\views\RelationGraph.vue
FN:58,render
FNF:1
FNH:1
FNDA:3,render
DA:4,1
DA:5,1
DA:8,1
DA:36,1
DA:38,1
DA:41,1
DA:42,1
DA:43,1
DA:59,3
DA:60,3
DA:61,1
LF:11
LH:11
BRF:0
BRH:0
end_of_record
TN:
SF:src\views\blog.vue
FN:135,render
FN:145,(anonymous_1)
FN:146,(anonymous_2)
FN:159,(anonymous_3)
FN:167,(anonymous_4)
FN:171,(anonymous_5)
FN:174,(anonymous_6)
FN:182,(anonymous_7)
FN:185,(anonymous_8)
FNF:9
FNH:9
FNDA:2,render
FNDA:1,(anonymous_1)
FNDA:6,(anonymous_2)
FNDA:6,(anonymous_3)
FNDA:2,(anonymous_4)
FNDA:2,(anonymous_5)
FNDA:2,(anonymous_6)
FNDA:2,(anonymous_7)
FNDA:2,(anonymous_8)
DA:4,1
DA:5,1
DA:8,1
DA:100,1
DA:102,1
DA:105,1
DA:106,1
DA:107,1
DA:108,1
DA:111,1
DA:112,1
DA:115,1
DA:116,1
DA:119,1
DA:122,1
DA:125,1
DA:126,1
DA:129,1
DA:132,1
DA:136,2
DA:137,2
DA:138,2
DA:139,2
DA:140,2
DA:141,2
DA:142,2
DA:143,2
DA:145,1
DA:147,6
DA:159,6
DA:167,2
DA:171,2
DA:174,2
DA:182,2
DA:185,2
DA:192,1
LF:36
LH:36
BRDA:145,0,0,2
BRDA:145,0,1,2
BRF:2
BRH:2
end_of_record
TN:
SF:tests\mockVideo.js
FNF:0
FNH:0
DA:1,1
LF:1
LH:1
BRF:0
BRH:0
end_of_record
